{"/home/user/hack-club/server/src/app.module.ts": {"path":"/home/user/hack-club/server/src/app.module.ts","statementMap":{"0":{"start":{"line":1,"column":0},"end":{"line":1,"column":40}},"1":{"start":{"line":2,"column":0},"end":{"line":2,"column":48}},"2":{"start":{"line":3,"column":0},"end":{"line":3,"column":46}},"3":{"start":{"line":4,"column":0},"end":{"line":4,"column":60}},"4":{"start":{"line":5,"column":0},"end":{"line":5,"column":51}},"5":{"start":{"line":6,"column":0},"end":{"line":6,"column":42}},"6":{"start":{"line":26,"column":7},"end":{"line":26,"column":null}},"7":{"start":{"line":26,"column":13},"end":{"line":26,"column":22}},"8":{"start":{"line":26,"column":13},"end":{"line":26,"column":null}}},"fnMap":{},"branchMap":{},"s":{"0":0,"1":0,"2":0,"3":0,"4":0,"5":0,"6":0,"7":0,"8":0},"f":{},"b":{}}
,"/home/user/hack-club/server/src/main.ts": {"path":"/home/user/hack-club/server/src/main.ts","statementMap":{"0":{"start":{"line":2,"column":0},"end":{"line":2,"column":43}},"1":{"start":{"line":3,"column":0},"end":{"line":3,"column":41}},"2":{"start":{"line":4,"column":0},"end":{"line":4,"column":114}},"3":{"start":{"line":5,"column":0},"end":{"line":5,"column":25}},"4":{"start":{"line":6,"column":0},"end":{"line":6,"column":29}},"5":{"start":{"line":9,"column":7},"end":{"line":41,"column":null}},"6":{"start":{"line":11,"column":16},"end":{"line":11,"column":35}},"7":{"start":{"line":12,"column":21},"end":{"line":12,"column":38}},"8":{"start":{"line":13,"column":20},"end":{"line":13,"column":36}},"9":{"start":{"line":16,"column":6},"end":{"line":18,"column":42}},"10":{"start":{"line":20,"column":20},"end":{"line":20,"column":84}},"11":{"start":{"line":21,"column":18},"end":{"line":21,"column":67}},"12":{"start":{"line":23,"column":23},"end":{"line":23,"column":148}},"13":{"start":{"line":26,"column":4},"end":{"line":30,"column":5}},"14":{"start":{"line":27,"column":8},"end":{"line":27,"column":80}},"15":{"start":{"line":29,"column":8},"end":{"line":29,"column":56}},"16":{"start":{"line":32,"column":4},"end":{"line":32,"column":30}},"17":{"start":{"line":34,"column":4},"end":{"line":39,"column":7}},"18":{"start":{"line":9,"column":13},"end":{"line":9,"column":30}},"19":{"start":{"line":9,"column":13},"end":{"line":41,"column":null}},"20":{"start":{"line":44,"column":14},"end":{"line":44,"column":49}},"21":{"start":{"line":47,"column":31},"end":{"line":47,"column":49}},"22":{"start":{"line":48,"column":2},"end":{"line":48,"column":36}},"23":{"start":{"line":49,"column":2},"end":{"line":49,"column":58}},"24":{"start":{"line":52,"column":2},"end":{"line":56,"column":6}},"25":{"start":{"line":59,"column":2},"end":{"line":59,"column":48}},"26":{"start":{"line":62,"column":2},"end":{"line":65,"column":5}},"27":{"start":{"line":67,"column":15},"end":{"line":67,"column":39}},"28":{"start":{"line":68,"column":2},"end":{"line":68,"column":36}},"29":{"start":{"line":69,"column":2},"end":{"line":69,"column":63}},"30":{"start":{"line":72,"column":0},"end":{"line":72,"column":12}}},"fnMap":{"0":{"name":"(anonymous_1)","decl":{"start":{"line":10,"column":2},"end":{"line":10,"column":7}},"loc":{"start":{"line":10,"column":47},"end":{"line":40,"column":3}}},"1":{"name":"bootstrap","decl":{"start":{"line":43,"column":15},"end":{"line":43,"column":24}},"loc":{"start":{"line":43,"column":24},"end":{"line":70,"column":1}}}},"branchMap":{"0":{"loc":{"start":{"line":16,"column":6},"end":{"line":18,"column":42}},"type":"cond-expr","locations":[{"start":{"line":17,"column":10},"end":{"line":17,"column":31}},{"start":{"line":18,"column":10},"end":{"line":18,"column":42}}]},"1":{"loc":{"start":{"line":20,"column":20},"end":{"line":20,"column":84}},"type":"cond-expr","locations":[{"start":{"line":20,"column":49},"end":{"line":20,"column":66}},{"start":{"line":20,"column":69},"end":{"line":20,"column":84}}]},"2":{"loc":{"start":{"line":21,"column":18},"end":{"line":21,"column":67}},"type":"cond-expr","locations":[{"start":{"line":21,"column":47},"end":{"line":21,"column":62}},{"start":{"line":21,"column":65},"end":{"line":21,"column":67}}]},"3":{"loc":{"start":{"line":67,"column":15},"end":{"line":67,"column":39}},"type":"binary-expr","locations":[{"start":{"line":67,"column":15},"end":{"line":67,"column":31}},{"start":{"line":67,"column":35},"end":{"line":67,"column":39}}]}},"s":{"0":0,"1":0,"2":0,"3":0,"4":0,"5":0,"6":0,"7":0,"8":0,"9":0,"10":0,"11":0,"12":0,"13":0,"14":0,"15":0,"16":0,"17":0,"18":0,"19":0,"20":0,"21":0,"22":0,"23":0,"24":0,"25":0,"26":0,"27":0,"28":0,"29":0,"30":0},"f":{"0":0,"1":0},"b":{"0":[0,0],"1":[0,0],"2":[0,0],"3":[0,0]}}
,"/home/user/hack-club/server/src/ai/ai.controller.ts": {"path":"/home/user/hack-club/server/src/ai/ai.controller.ts","statementMap":{"0":{"start":{"line":2,"column":0},"end":{"line":2,"column":56}},"1":{"start":{"line":3,"column":0},"end":{"line":3,"column":41}},"2":{"start":{"line":6,"column":7},"end":{"line":18,"column":null}},"3":{"start":{"line":7,"column":22},"end":{"line":7,"column":33}},"4":{"start":{"line":11,"column":4},"end":{"line":11,"column":48}},"5":{"start":{"line":16,"column":4},"end":{"line":16,"column":55}},"6":{"start":{"line":6,"column":13},"end":{"line":6,"column":25}},"7":{"start":{"line":10,"column":2},"end":{"line":12,"column":null}},"8":{"start":{"line":15,"column":2},"end":{"line":17,"column":null}},"9":{"start":{"line":6,"column":13},"end":{"line":18,"column":null}}},"fnMap":{"0":{"name":"(anonymous_4)","decl":{"start":{"line":7,"column":2},"end":{"line":7,"column":22}},"loc":{"start":{"line":7,"column":42},"end":{"line":7,"column":46}}},"1":{"name":"(anonymous_5)","decl":{"start":{"line":10,"column":2},"end":{"line":10,"column":16}},"loc":{"start":{"line":10,"column":53},"end":{"line":12,"column":3}}},"2":{"name":"(anonymous_6)","decl":{"start":{"line":15,"column":2},"end":{"line":15,"column":22}},"loc":{"start":{"line":15,"column":61},"end":{"line":17,"column":3}}}},"branchMap":{},"s":{"0":0,"1":0,"2":0,"3":0,"4":0,"5":0,"6":0,"7":0,"8":0,"9":0},"f":{"0":0,"1":0,"2":0},"b":{}}
,"/home/user/hack-club/server/src/ai/ai.module.ts": {"path":"/home/user/hack-club/server/src/ai/ai.module.ts","statementMap":{"0":{"start":{"line":2,"column":0},"end":{"line":2,"column":40}},"1":{"start":{"line":3,"column":0},"end":{"line":3,"column":47}},"2":{"start":{"line":4,"column":0},"end":{"line":4,"column":41}},"3":{"start":{"line":10,"column":7},"end":{"line":10,"column":null}},"4":{"start":{"line":10,"column":13},"end":{"line":10,"column":21}},"5":{"start":{"line":10,"column":13},"end":{"line":10,"column":null}}},"fnMap":{},"branchMap":{},"s":{"0":0,"1":0,"2":0,"3":0,"4":0,"5":0},"f":{},"b":{}}
,"/home/user/hack-club/server/src/ai/ai.service.ts": {"path":"/home/user/hack-club/server/src/ai/ai.service.ts","statementMap":{"0":{"start":{"line":2,"column":0},"end":{"line":2,"column":44}},"1":{"start":{"line":5,"column":7},"end":{"line":26,"column":null}},"2":{"start":{"line":9,"column":4},"end":{"line":9,"column":95}},"3":{"start":{"line":14,"column":4},"end":{"line":14,"column":48}},"4":{"start":{"line":19,"column":4},"end":{"line":19,"column":35}},"5":{"start":{"line":24,"column":4},"end":{"line":24,"column":78}},"6":{"start":{"line":5,"column":13},"end":{"line":5,"column":22}},"7":{"start":{"line":5,"column":13},"end":{"line":26,"column":null}}},"fnMap":{"0":{"name":"(anonymous_1)","decl":{"start":{"line":6,"column":2},"end":{"line":6,"column":7}},"loc":{"start":{"line":6,"column":36},"end":{"line":10,"column":3}}},"1":{"name":"(anonymous_2)","decl":{"start":{"line":12,"column":2},"end":{"line":12,"column":7}},"loc":{"start":{"line":12,"column":43},"end":{"line":15,"column":3}}},"2":{"name":"(anonymous_3)","decl":{"start":{"line":17,"column":2},"end":{"line":17,"column":7}},"loc":{"start":{"line":17,"column":40},"end":{"line":20,"column":3}}},"3":{"name":"(anonymous_4)","decl":{"start":{"line":22,"column":2},"end":{"line":22,"column":7}},"loc":{"start":{"line":22,"column":40},"end":{"line":25,"column":3}}}},"branchMap":{},"s":{"0":1,"1":1,"2":0,"3":0,"4":0,"5":0,"6":1,"7":1},"f":{"0":0,"1":0,"2":0,"3":0},"b":{}}
,"/home/user/hack-club/server/src/projects/project.entity.ts": {"path":"/home/user/hack-club/server/src/projects/project.entity.ts","statementMap":{"0":{"start":{"line":2,"column":0},"end":{"line":2,"column":101}},"1":{"start":{"line":5,"column":7},"end":{"line":35,"column":null}},"2":{"start":{"line":5,"column":13},"end":{"line":5,"column":26}},"3":{"start":{"line":7,"column":2},"end":{"line":7,"column":null}},"4":{"start":{"line":10,"column":2},"end":{"line":10,"column":null}},"5":{"start":{"line":13,"column":2},"end":{"line":13,"column":null}},"6":{"start":{"line":16,"column":2},"end":{"line":16,"column":null}},"7":{"start":{"line":19,"column":2},"end":{"line":19,"column":null}},"8":{"start":{"line":22,"column":2},"end":{"line":22,"column":null}},"9":{"start":{"line":25,"column":2},"end":{"line":25,"column":null}},"10":{"start":{"line":28,"column":2},"end":{"line":28,"column":null}},"11":{"start":{"line":31,"column":2},"end":{"line":31,"column":null}},"12":{"start":{"line":34,"column":2},"end":{"line":34,"column":null}},"13":{"start":{"line":5,"column":13},"end":{"line":35,"column":null}}},"fnMap":{},"branchMap":{},"s":{"0":2,"1":2,"2":2,"3":2,"4":2,"5":2,"6":2,"7":2,"8":2,"9":2,"10":2,"11":2,"12":2,"13":2},"f":{},"b":{}}
,"/home/user/hack-club/server/src/projects/projects.controller.ts": {"path":"/home/user/hack-club/server/src/projects/projects.controller.ts","statementMap":{"0":{"start":{"line":2,"column":0},"end":{"line":2,"column":86}},"1":{"start":{"line":3,"column":0},"end":{"line":3,"column":53}},"2":{"start":{"line":4,"column":0},"end":{"line":4,"column":60}},"3":{"start":{"line":7,"column":7},"end":{"line":30,"column":null}},"4":{"start":{"line":8,"column":22},"end":{"line":8,"column":39}},"5":{"start":{"line":12,"column":4},"end":{"line":12,"column":57}},"6":{"start":{"line":17,"column":4},"end":{"line":17,"column":42}},"7":{"start":{"line":22,"column":4},"end":{"line":22,"column":44}},"8":{"start":{"line":28,"column":4},"end":{"line":28,"column":43}},"9":{"start":{"line":7,"column":13},"end":{"line":7,"column":31}},"10":{"start":{"line":11,"column":2},"end":{"line":13,"column":null}},"11":{"start":{"line":16,"column":2},"end":{"line":18,"column":null}},"12":{"start":{"line":21,"column":2},"end":{"line":23,"column":null}},"13":{"start":{"line":27,"column":2},"end":{"line":29,"column":null}},"14":{"start":{"line":7,"column":13},"end":{"line":30,"column":null}}},"fnMap":{"0":{"name":"(anonymous_4)","decl":{"start":{"line":8,"column":2},"end":{"line":8,"column":22}},"loc":{"start":{"line":8,"column":54},"end":{"line":8,"column":58}}},"1":{"name":"(anonymous_5)","decl":{"start":{"line":11,"column":2},"end":{"line":11,"column":8}},"loc":{"start":{"line":11,"column":51},"end":{"line":13,"column":3}}},"2":{"name":"(anonymous_6)","decl":{"start":{"line":16,"column":2},"end":{"line":16,"column":9}},"loc":{"start":{"line":16,"column":9},"end":{"line":18,"column":3}}},"3":{"name":"(anonymous_7)","decl":{"start":{"line":21,"column":2},"end":{"line":21,"column":9}},"loc":{"start":{"line":21,"column":33},"end":{"line":23,"column":3}}},"4":{"name":"(anonymous_8)","decl":{"start":{"line":27,"column":2},"end":{"line":27,"column":8}},"loc":{"start":{"line":27,"column":32},"end":{"line":29,"column":3}}}},"branchMap":{},"s":{"0":0,"1":0,"2":0,"3":0,"4":0,"5":0,"6":0,"7":0,"8":0,"9":0,"10":0,"11":0,"12":0,"13":0,"14":0},"f":{"0":0,"1":0,"2":0,"3":0,"4":0},"b":{}}
,"/home/user/hack-club/server/src/projects/projects.module.ts": {"path":"/home/user/hack-club/server/src/projects/projects.module.ts","statementMap":{"0":{"start":{"line":2,"column":0},"end":{"line":2,"column":40}},"1":{"start":{"line":3,"column":0},"end":{"line":3,"column":48}},"2":{"start":{"line":4,"column":0},"end":{"line":4,"column":59}},"3":{"start":{"line":5,"column":0},"end":{"line":5,"column":53}},"4":{"start":{"line":6,"column":0},"end":{"line":6,"column":49}},"5":{"start":{"line":14,"column":7},"end":{"line":14,"column":null}},"6":{"start":{"line":14,"column":13},"end":{"line":14,"column":27}},"7":{"start":{"line":14,"column":13},"end":{"line":14,"column":null}}},"fnMap":{},"branchMap":{},"s":{"0":0,"1":0,"2":0,"3":0,"4":0,"5":0,"6":0,"7":0},"f":{},"b":{}}
,"/home/user/hack-club/server/src/projects/projects.service.ts": {"path":"/home/user/hack-club/server/src/projects/projects.service.ts","statementMap":{"0":{"start":{"line":2,"column":0},"end":{"line":2,"column":63}},"1":{"start":{"line":3,"column":0},"end":{"line":3,"column":51}},"2":{"start":{"line":4,"column":0},"end":{"line":4,"column":37}},"3":{"start":{"line":5,"column":0},"end":{"line":5,"column":49}},"4":{"start":{"line":9,"column":7},"end":{"line":55,"column":null}},"5":{"start":{"line":12,"column":12},"end":{"line":12,"column":25}},"6":{"start":{"line":16,"column":20},"end":{"line":20,"column":6}},"7":{"start":{"line":21,"column":4},"end":{"line":21,"column":42}},"8":{"start":{"line":25,"column":20},"end":{"line":25,"column":69}},"9":{"start":{"line":26,"column":4},"end":{"line":28,"column":5}},"10":{"start":{"line":27,"column":6},"end":{"line":27,"column":61}},"11":{"start":{"line":29,"column":4},"end":{"line":29,"column":19}},"12":{"start":{"line":33,"column":4},"end":{"line":33,"column":67}},"13":{"start":{"line":42,"column":20},"end":{"line":42,"column":42}},"14":{"start":{"line":43,"column":4},"end":{"line":43,"column":35}},"15":{"start":{"line":44,"column":4},"end":{"line":44,"column":49}},"16":{"start":{"line":44,"column":19},"end":{"line":44,"column":49}},"17":{"start":{"line":45,"column":4},"end":{"line":45,"column":37}},"18":{"start":{"line":45,"column":15},"end":{"line":45,"column":37}},"19":{"start":{"line":46,"column":4},"end":{"line":46,"column":42}},"20":{"start":{"line":50,"column":19},"end":{"line":50,"column":52}},"21":{"start":{"line":51,"column":4},"end":{"line":53,"column":5}},"22":{"start":{"line":52,"column":6},"end":{"line":52,"column":61}},"23":{"start":{"line":9,"column":13},"end":{"line":9,"column":28}},"24":{"start":{"line":9,"column":13},"end":{"line":55,"column":null}}},"fnMap":{"0":{"name":"(anonymous_4)","decl":{"start":{"line":10,"column":2},"end":{"line":10,"column":null}},"loc":{"start":{"line":12,"column":50},"end":{"line":13,"column":6}}},"1":{"name":"(anonymous_5)","decl":{"start":{"line":15,"column":2},"end":{"line":15,"column":7}},"loc":{"start":{"line":15,"column":49},"end":{"line":22,"column":3}}},"2":{"name":"(anonymous_6)","decl":{"start":{"line":24,"column":2},"end":{"line":24,"column":7}},"loc":{"start":{"line":24,"column":26},"end":{"line":30,"column":3}}},"3":{"name":"(anonymous_7)","decl":{"start":{"line":32,"column":2},"end":{"line":32,"column":7}},"loc":{"start":{"line":32,"column":15},"end":{"line":34,"column":3}}},"4":{"name":"(anonymous_8)","decl":{"start":{"line":36,"column":2},"end":{"line":36,"column":7}},"loc":{"start":{"line":40,"column":18},"end":{"line":47,"column":3}}},"5":{"name":"(anonymous_9)","decl":{"start":{"line":49,"column":2},"end":{"line":49,"column":7}},"loc":{"start":{"line":49,"column":25},"end":{"line":54,"column":3}}}},"branchMap":{"0":{"loc":{"start":{"line":26,"column":4},"end":{"line":28,"column":5}},"type":"if","locations":[{"start":{"line":26,"column":4},"end":{"line":28,"column":5}},{"start":{},"end":{}}]},"1":{"loc":{"start":{"line":44,"column":4},"end":{"line":44,"column":49}},"type":"if","locations":[{"start":{"line":44,"column":4},"end":{"line":44,"column":49}},{"start":{},"end":{}}]},"2":{"loc":{"start":{"line":45,"column":4},"end":{"line":45,"column":37}},"type":"if","locations":[{"start":{"line":45,"column":4},"end":{"line":45,"column":37}},{"start":{},"end":{}}]},"3":{"loc":{"start":{"line":51,"column":4},"end":{"line":53,"column":5}},"type":"if","locations":[{"start":{"line":51,"column":4},"end":{"line":53,"column":5}},{"start":{},"end":{}}]}},"s":{"0":2,"1":2,"2":2,"3":2,"4":2,"5":5,"6":1,"7":1,"8":1,"9":1,"10":0,"11":1,"12":1,"13":0,"14":0,"15":0,"16":0,"17":0,"18":0,"19":0,"20":1,"21":1,"22":0,"23":2,"24":2},"f":{"0":5,"1":1,"2":1,"3":1,"4":0,"5":1},"b":{"0":[0,1],"1":[0,0],"2":[0,0],"3":[0,1]}}
,"/home/user/hack-club/server/src/projects/dto/create-project.dto.ts": {"path":"/home/user/hack-club/server/src/projects/dto/create-project.dto.ts","statementMap":{"0":{"start":{"line":2,"column":0},"end":{"line":2,"column":66}},"1":{"start":{"line":4,"column":0},"end":{"line":4,"column":13}},"2":{"start":{"line":8,"column":2},"end":{"line":8,"column":null}},"3":{"start":{"line":13,"column":2},"end":{"line":13,"column":null}}},"fnMap":{},"branchMap":{},"s":{"0":0,"1":0,"2":0,"3":0},"f":{},"b":{}}
,"/home/user/hack-club/server/src/video/video.controller.ts": {"path":"/home/user/hack-club/server/src/video/video.controller.ts","statementMap":{"0":{"start":{"line":2,"column":0},"end":{"line":2,"column":105}},"1":{"start":{"line":3,"column":0},"end":{"line":3,"column":65}},"2":{"start":{"line":4,"column":0},"end":{"line":4,"column":47}},"3":{"start":{"line":6,"column":0},"end":{"line":6,"column":29}},"4":{"start":{"line":7,"column":0},"end":{"line":7,"column":25}},"5":{"start":{"line":10,"column":7},"end":{"line":79,"column":null}},"6":{"start":{"line":11,"column":22},"end":{"line":11,"column":36}},"7":{"start":{"line":15,"column":4},"end":{"line":15,"column":44}},"8":{"start":{"line":29,"column":22},"end":{"line":29,"column":40}},"9":{"start":{"line":32,"column":4},"end":{"line":49,"column":5}},"10":{"start":{"line":33,"column":24},"end":{"line":33,"column":78}},"11":{"start":{"line":34,"column":6},"end":{"line":48,"column":7}},"12":{"start":{"line":35,"column":23},"end":{"line":35,"column":49}},"13":{"start":{"line":36,"column":8},"end":{"line":47,"column":10}},"14":{"start":{"line":51,"column":24},"end":{"line":56,"column":null}},"15":{"start":{"line":59,"column":4},"end":{"line":62,"column":7}},"16":{"start":{"line":64,"column":4},"end":{"line":64,"column":26}},"17":{"start":{"line":72,"column":4},"end":{"line":72,"column":61}},"18":{"start":{"line":77,"column":4},"end":{"line":77,"column":50}},"19":{"start":{"line":10,"column":13},"end":{"line":10,"column":28}},"20":{"start":{"line":14,"column":8},"end":{"line":16,"column":null}},"21":{"start":{"line":24,"column":8},"end":{"line":65,"column":null}},"22":{"start":{"line":68,"column":2},"end":{"line":73,"column":null}},"23":{"start":{"line":76,"column":2},"end":{"line":78,"column":null}},"24":{"start":{"line":10,"column":13},"end":{"line":79,"column":null}}},"fnMap":{"0":{"name":"(anonymous_4)","decl":{"start":{"line":11,"column":2},"end":{"line":11,"column":22}},"loc":{"start":{"line":11,"column":48},"end":{"line":11,"column":52}}},"1":{"name":"(anonymous_5)","decl":{"start":{"line":14,"column":8},"end":{"line":14,"column":20}},"loc":{"start":{"line":14,"column":20},"end":{"line":16,"column":3}}},"2":{"name":"(anonymous_6)","decl":{"start":{"line":24,"column":8},"end":{"line":24,"column":21}},"loc":{"start":{"line":27,"column":24},"end":{"line":65,"column":3}}},"3":{"name":"(anonymous_7)","decl":{"start":{"line":68,"column":2},"end":{"line":68,"column":15}},"loc":{"start":{"line":70,"column":41},"end":{"line":73,"column":3}}},"4":{"name":"(anonymous_8)","decl":{"start":{"line":76,"column":2},"end":{"line":76,"column":11}},"loc":{"start":{"line":76,"column":49},"end":{"line":78,"column":3}}}},"branchMap":{"0":{"loc":{"start":{"line":29,"column":22},"end":{"line":29,"column":40}},"type":"cond-expr","locations":[{"start":{"line":29,"column":35},"end":{"line":29,"column":38}},{"start":{"line":29,"column":35},"end":{"line":29,"column":40}}]},"1":{"loc":{"start":{"line":29,"column":22},"end":{"line":29,"column":38}},"type":"binary-expr","locations":[{"start":{"line":29,"column":22},"end":{"line":29,"column":38}},{"start":{"line":29,"column":35},"end":{"line":29,"column":38}}]},"2":{"loc":{"start":{"line":32,"column":4},"end":{"line":49,"column":5}},"type":"if","locations":[{"start":{"line":32,"column":4},"end":{"line":49,"column":5}},{"start":{},"end":{}}]},"3":{"loc":{"start":{"line":32,"column":8},"end":{"line":32,"column":38}},"type":"binary-expr","locations":[{"start":{"line":32,"column":8},"end":{"line":32,"column":20}},{"start":{"line":32,"column":24},"end":{"line":32,"column":38}}]},"4":{"loc":{"start":{"line":34,"column":6},"end":{"line":48,"column":7}},"type":"if","locations":[{"start":{"line":34,"column":6},"end":{"line":48,"column":7}},{"start":{},"end":{}}]},"5":{"loc":{"start":{"line":52,"column":6},"end":{"line":52,"column":22}},"type":"cond-expr","locations":[{"start":{"line":52,"column":17},"end":{"line":52,"column":20}},{"start":{"line":52,"column":17},"end":{"line":52,"column":22}}]},"6":{"loc":{"start":{"line":52,"column":6},"end":{"line":52,"column":20}},"type":"binary-expr","locations":[{"start":{"line":52,"column":6},"end":{"line":52,"column":20}},{"start":{"line":52,"column":17},"end":{"line":52,"column":20}}]},"7":{"loc":{"start":{"line":53,"column":6},"end":{"line":53,"column":24}},"type":"binary-expr","locations":[{"start":{"line":53,"column":6},"end":{"line":53,"column":18}},{"start":{"line":53,"column":22},"end":{"line":53,"column":24}}]},"8":{"loc":{"start":{"line":54,"column":17},"end":{"line":54,"column":37}},"type":"binary-expr","locations":[{"start":{"line":54,"column":17},"end":{"line":54,"column":30}},{"start":{"line":54,"column":34},"end":{"line":54,"column":37}}]}},"s":{"0":0,"1":0,"2":0,"3":0,"4":0,"5":0,"6":0,"7":0,"8":0,"9":0,"10":0,"11":0,"12":0,"13":0,"14":0,"15":0,"16":0,"17":0,"18":0,"19":0,"20":0,"21":0,"22":0,"23":0,"24":0},"f":{"0":0,"1":0,"2":0,"3":0,"4":0},"b":{"0":[0,0],"1":[0,0],"2":[0,0],"3":[0,0],"4":[0,0],"5":[0,0],"6":[0,0],"7":[0,0],"8":[0,0]}}
,"/home/user/hack-club/server/src/video/video.gateway.ts": {"path":"/home/user/hack-club/server/src/video/video.gateway.ts","statementMap":{"0":{"start":{"line":1,"column":0},"end":{"line":1,"column":null}},"1":{"start":{"line":7,"column":0},"end":{"line":7,"column":35}},"2":{"start":{"line":14,"column":7},"end":{"line":26,"column":null}},"3":{"start":{"line":19,"column":4},"end":{"line":19,"column":67}},"4":{"start":{"line":24,"column":4},"end":{"line":24,"column":52}},"5":{"start":{"line":14,"column":13},"end":{"line":14,"column":25}},"6":{"start":{"line":16,"column":2},"end":{"line":16,"column":null}},"7":{"start":{"line":23,"column":2},"end":{"line":25,"column":null}},"8":{"start":{"line":14,"column":13},"end":{"line":26,"column":null}}},"fnMap":{"0":{"name":"(anonymous_4)","decl":{"start":{"line":18,"column":2},"end":{"line":18,"column":19}},"loc":{"start":{"line":18,"column":70},"end":{"line":20,"column":3}}},"1":{"name":"(anonymous_5)","decl":{"start":{"line":23,"column":2},"end":{"line":23,"column":17}},"loc":{"start":{"line":23,"column":50},"end":{"line":25,"column":3}}}},"branchMap":{},"s":{"0":1,"1":1,"2":1,"3":0,"4":0,"5":1,"6":1,"7":1,"8":1},"f":{"0":0,"1":0},"b":{}}
,"/home/user/hack-club/server/src/video/video.module.ts": {"path":"/home/user/hack-club/server/src/video/video.module.ts","statementMap":{"0":{"start":{"line":3,"column":0},"end":{"line":3,"column":40}},"1":{"start":{"line":4,"column":0},"end":{"line":4,"column":53}},"2":{"start":{"line":5,"column":0},"end":{"line":5,"column":47}},"3":{"start":{"line":6,"column":0},"end":{"line":6,"column":61}},"4":{"start":{"line":7,"column":0},"end":{"line":7,"column":47}},"5":{"start":{"line":15,"column":7},"end":{"line":15,"column":null}},"6":{"start":{"line":15,"column":13},"end":{"line":15,"column":24}},"7":{"start":{"line":15,"column":13},"end":{"line":15,"column":null}}},"fnMap":{},"branchMap":{},"s":{"0":0,"1":0,"2":0,"3":0,"4":0,"5":0,"6":0,"7":0},"f":{},"b":{}}
,"/home/user/hack-club/server/src/video/video.service.ts": {"path":"/home/user/hack-club/server/src/video/video.service.ts","statementMap":{"0":{"start":{"line":2,"column":0},"end":{"line":2,"column":65}},"1":{"start":{"line":3,"column":0},"end":{"line":3,"column":37}},"2":{"start":{"line":4,"column":0},"end":{"line":4,"column":33}},"3":{"start":{"line":5,"column":0},"end":{"line":5,"column":25}},"4":{"start":{"line":6,"column":0},"end":{"line":6,"column":29}},"5":{"start":{"line":7,"column":0},"end":{"line":7,"column":40}},"6":{"start":{"line":8,"column":0},"end":{"line":8,"column":37}},"7":{"start":{"line":9,"column":0},"end":{"line":9,"column":63}},"8":{"start":{"line":10,"column":0},"end":{"line":10,"column":47}},"9":{"start":{"line":12,"column":18},"end":{"line":12,"column":33}},"10":{"start":{"line":15,"column":7},"end":{"line":282,"column":null}},"11":{"start":{"line":19,"column":12},"end":{"line":19,"column":29}},"12":{"start":{"line":20,"column":12},"end":{"line":20,"column":26}},"13":{"start":{"line":16,"column":10},"end":{"line":16,"column":81}},"14":{"start":{"line":24,"column":21},"end":{"line":24,"column":70}},"15":{"start":{"line":25,"column":18},"end":{"line":25,"column":71}},"16":{"start":{"line":25,"column":36},"end":{"line":25,"column":44}},"17":{"start":{"line":25,"column":58},"end":{"line":25,"column":70}},"18":{"start":{"line":26,"column":23},"end":{"line":26,"column":72}},"19":{"start":{"line":26,"column":51},"end":{"line":26,"column":68}},"20":{"start":{"line":27,"column":21},"end":{"line":27,"column":23}},"21":{"start":{"line":28,"column":22},"end":{"line":28,"column":23}},"22":{"start":{"line":29,"column":4},"end":{"line":44,"column":7}},"23":{"start":{"line":30,"column":21},"end":{"line":30,"column":45}},"24":{"start":{"line":31,"column":23},"end":{"line":31,"column":45}},"25":{"start":{"line":32,"column":20},"end":{"line":32,"column":31}},"26":{"start":{"line":33,"column":18},"end":{"line":33,"column":40}},"27":{"start":{"line":34,"column":6},"end":{"line":34,"column":24}},"28":{"start":{"line":35,"column":25},"end":{"line":40,"column":7}},"29":{"start":{"line":36,"column":21},"end":{"line":36,"column":32}},"30":{"start":{"line":37,"column":8},"end":{"line":37,"column":33}},"31":{"start":{"line":38,"column":19},"end":{"line":38,"column":51}},"32":{"start":{"line":39,"column":8},"end":{"line":39,"column":87}},"33":{"start":{"line":41,"column":6},"end":{"line":41,"column":33}},"34":{"start":{"line":42,"column":6},"end":{"line":42,"column":68}},"35":{"start":{"line":43,"column":6},"end":{"line":43,"column":41}},"36":{"start":{"line":45,"column":4},"end":{"line":45,"column":22}},"37":{"start":{"line":49,"column":4},"end":{"line":56,"column":7}},"38":{"start":{"line":50,"column":6},"end":{"line":55,"column":9}},"39":{"start":{"line":51,"column":8},"end":{"line":51,"column":36}},"40":{"start":{"line":51,"column":17},"end":{"line":51,"column":36}},"41":{"start":{"line":52,"column":25},"end":{"line":52,"column":49}},"42":{"start":{"line":53,"column":8},"end":{"line":53,"column":86}},"43":{"start":{"line":53,"column":23},"end":{"line":53,"column":86}},"44":{"start":{"line":54,"column":8},"end":{"line":54,"column":26}},"45":{"start":{"line":66,"column":16},"end":{"line":66,"column":18}},"46":{"start":{"line":67,"column":33},"end":{"line":67,"column":58}},"47":{"start":{"line":68,"column":27},"end":{"line":68,"column":59}},"48":{"start":{"line":69,"column":20},"end":{"line":71,"column":140}},"49":{"start":{"line":72,"column":32},"end":{"line":72,"column":63}},"50":{"start":{"line":73,"column":25},"end":{"line":73,"column":97}},"51":{"start":{"line":74,"column":16},"end":{"line":74,"column":237}},"52":{"start":{"line":75,"column":4},"end":{"line":75,"column":25}},"53":{"start":{"line":85,"column":20},"end":{"line":85,"column":78}},"54":{"start":{"line":86,"column":4},"end":{"line":88,"column":5}},"55":{"start":{"line":87,"column":6},"end":{"line":87,"column":49}},"56":{"start":{"line":90,"column":4},"end":{"line":241,"column":5}},"57":{"start":{"line":91,"column":24},"end":{"line":91,"column":55}},"58":{"start":{"line":92,"column":6},"end":{"line":92,"column":52}},"59":{"start":{"line":94,"column":28},"end":{"line":94,"column":66}},"60":{"start":{"line":95,"column":6},"end":{"line":95,"column":95}},"61":{"start":{"line":98,"column":6},"end":{"line":102,"column":7}},"62":{"start":{"line":99,"column":10},"end":{"line":99,"column":56}},"63":{"start":{"line":100,"column":29},"end":{"line":100,"column":68}},"64":{"start":{"line":101,"column":10},"end":{"line":101,"column":57}},"65":{"start":{"line":105,"column":6},"end":{"line":108,"column":7}},"66":{"start":{"line":106,"column":8},"end":{"line":106,"column":57}},"67":{"start":{"line":107,"column":8},"end":{"line":107,"column":58}},"68":{"start":{"line":110,"column":34},"end":{"line":110,"column":36}},"69":{"start":{"line":111,"column":31},"end":{"line":111,"column":64}},"70":{"start":{"line":113,"column":6},"end":{"line":113,"column":61}},"71":{"start":{"line":114,"column":6},"end":{"line":114,"column":79}},"72":{"start":{"line":116,"column":6},"end":{"line":133,"column":7}},"73":{"start":{"line":116,"column":19},"end":{"line":116,"column":20}},"74":{"start":{"line":117,"column":21},"end":{"line":117,"column":34}},"75":{"start":{"line":118,"column":24},"end":{"line":118,"column":61}},"76":{"start":{"line":119,"column":25},"end":{"line":119,"column":60}},"77":{"start":{"line":120,"column":23},"end":{"line":120,"column":50}},"78":{"start":{"line":122,"column":8},"end":{"line":122,"column":47}},"79":{"start":{"line":124,"column":8},"end":{"line":132,"column":9}},"80":{"start":{"line":125,"column":12},"end":{"line":125,"column":82}},"81":{"start":{"line":126,"column":12},"end":{"line":126,"column":37}},"82":{"start":{"line":127,"column":28},"end":{"line":127,"column":72}},"83":{"start":{"line":128,"column":12},"end":{"line":128,"column":91}},"84":{"start":{"line":130,"column":12},"end":{"line":130,"column":60}},"85":{"start":{"line":131,"column":12},"end":{"line":131,"column":20}},"86":{"start":{"line":135,"column":29},"end":{"line":135,"column":66}},"87":{"start":{"line":136,"column":32},"end":{"line":136,"column":76}},"88":{"start":{"line":136,"column":51},"end":{"line":136,"column":64}},"89":{"start":{"line":137,"column":6},"end":{"line":137,"column":58}},"90":{"start":{"line":139,"column":24},"end":{"line":139,"column":41}},"91":{"start":{"line":140,"column":20},"end":{"line":140,"column":28}},"92":{"start":{"line":142,"column":6},"end":{"line":142,"column":85}},"93":{"start":{"line":143,"column":6},"end":{"line":143,"column":41}},"94":{"start":{"line":144,"column":6},"end":{"line":146,"column":7}},"95":{"start":{"line":145,"column":8},"end":{"line":145,"column":45}},"96":{"start":{"line":148,"column":35},"end":{"line":148,"column":37}},"97":{"start":{"line":149,"column":23},"end":{"line":149,"column":28}},"98":{"start":{"line":150,"column":6},"end":{"line":159,"column":7}},"99":{"start":{"line":151,"column":33},"end":{"line":151,"column":81}},"100":{"start":{"line":152,"column":10},"end":{"line":157,"column":13}},"101":{"start":{"line":158,"column":10},"end":{"line":158,"column":38}},"102":{"start":{"line":161,"column":23},"end":{"line":161,"column":28}},"103":{"start":{"line":162,"column":6},"end":{"line":179,"column":7}},"104":{"start":{"line":164,"column":10},"end":{"line":169,"column":13}},"105":{"start":{"line":172,"column":10},"end":{"line":177,"column":13}},"106":{"start":{"line":178,"column":10},"end":{"line":178,"column":34}},"107":{"start":{"line":181,"column":6},"end":{"line":183,"column":7}},"108":{"start":{"line":182,"column":10},"end":{"line":182,"column":47}},"109":{"start":{"line":185,"column":28},"end":{"line":191,"column":8}},"110":{"start":{"line":193,"column":6},"end":{"line":199,"column":7}},"111":{"start":{"line":194,"column":11},"end":{"line":194,"column":52}},"112":{"start":{"line":195,"column":11},"end":{"line":195,"column":52}},"113":{"start":{"line":197,"column":11},"end":{"line":197,"column":42}},"114":{"start":{"line":198,"column":11},"end":{"line":198,"column":42}},"115":{"start":{"line":201,"column":6},"end":{"line":224,"column":40}},"116":{"start":{"line":205,"column":12},"end":{"line":205,"column":69}},"117":{"start":{"line":206,"column":12},"end":{"line":206,"column":81}},"118":{"start":{"line":209,"column":13},"end":{"line":209,"column":103}},"119":{"start":{"line":212,"column":10},"end":{"line":212,"column":64}},"120":{"start":{"line":213,"column":10},"end":{"line":213,"column":45}},"121":{"start":{"line":214,"column":10},"end":{"line":214,"column":73}},"122":{"start":{"line":215,"column":10},"end":{"line":218,"column":11}},"123":{"start":{"line":216,"column":14},"end":{"line":216,"column":43}},"124":{"start":{"line":217,"column":14},"end":{"line":217,"column":30}},"125":{"start":{"line":221,"column":10},"end":{"line":221,"column":57}},"126":{"start":{"line":222,"column":10},"end":{"line":222,"column":79}},"127":{"start":{"line":226,"column":6},"end":{"line":228,"column":17}},"128":{"start":{"line":227,"column":8},"end":{"line":227,"column":82}},"129":{"start":{"line":227,"column":14},"end":{"line":227,"column":67}},"130":{"start":{"line":230,"column":6},"end":{"line":230,"column":23}},"131":{"start":{"line":232,"column":6},"end":{"line":232,"column":58}},"132":{"start":{"line":233,"column":6},"end":{"line":239,"column":7}},"133":{"start":{"line":234,"column":8},"end":{"line":234,"column":35}},"134":{"start":{"line":235,"column":8},"end":{"line":238,"column":22}},"135":{"start":{"line":236,"column":28},"end":{"line":236,"column":71}},"136":{"start":{"line":237,"column":12},"end":{"line":237,"column":101}},"137":{"start":{"line":240,"column":6},"end":{"line":240,"column":18}},"138":{"start":{"line":248,"column":4},"end":{"line":264,"column":5}},"139":{"start":{"line":249,"column":22},"end":{"line":249,"column":67}},"140":{"start":{"line":250,"column":6},"end":{"line":250,"column":86}},"141":{"start":{"line":250,"column":29},"end":{"line":250,"column":84}},"142":{"start":{"line":251,"column":6},"end":{"line":251,"column":71}},"143":{"start":{"line":252,"column":25},"end":{"line":252,"column":83}},"144":{"start":{"line":253,"column":6},"end":{"line":253,"column":60}},"145":{"start":{"line":254,"column":18},"end":{"line":254,"column":100}},"146":{"start":{"line":255,"column":33},"end":{"line":255,"column":74}},"147":{"start":{"line":256,"column":24},"end":{"line":256,"column":37}},"148":{"start":{"line":257,"column":6},"end":{"line":257,"column":97}},"149":{"start":{"line":257,"column":39},"end":{"line":257,"column":95}},"150":{"start":{"line":258,"column":6},"end":{"line":258,"column":76}},"151":{"start":{"line":259,"column":6},"end":{"line":259,"column":43}},"152":{"start":{"line":261,"column":23},"end":{"line":261,"column":55}},"153":{"start":{"line":262,"column":6},"end":{"line":262,"column":87}},"154":{"start":{"line":263,"column":6},"end":{"line":263,"column":50}},"155":{"start":{"line":268,"column":20},"end":{"line":268,"column":65}},"156":{"start":{"line":269,"column":4},"end":{"line":269,"column":90}},"157":{"start":{"line":273,"column":21},"end":{"line":273,"column":59}},"158":{"start":{"line":274,"column":4},"end":{"line":276,"column":5}},"159":{"start":{"line":275,"column":6},"end":{"line":275,"column":16}},"160":{"start":{"line":278,"column":4},"end":{"line":280,"column":6}},"161":{"start":{"line":279,"column":6},"end":{"line":279,"column":73}},"162":{"start":{"line":15,"column":13},"end":{"line":15,"column":25}},"163":{"start":{"line":15,"column":13},"end":{"line":282,"column":null}}},"fnMap":{"0":{"name":"(anonymous_2)","decl":{"start":{"line":18,"column":2},"end":{"line":18,"column":null}},"loc":{"start":{"line":20,"column":38},"end":{"line":21,"column":6}}},"1":{"name":"(anonymous_3)","decl":{"start":{"line":23,"column":10},"end":{"line":23,"column":21}},"loc":{"start":{"line":23,"column":59},"end":{"line":46,"column":3}}},"2":{"name":"(anonymous_4)","decl":{"start":{"line":25,"column":31},"end":{"line":25,"column":32}},"loc":{"start":{"line":25,"column":36},"end":{"line":25,"column":44}}},"3":{"name":"(anonymous_5)","decl":{"start":{"line":25,"column":53},"end":{"line":25,"column":54}},"loc":{"start":{"line":25,"column":58},"end":{"line":25,"column":70}}},"4":{"name":"(anonymous_6)","decl":{"start":{"line":26,"column":36},"end":{"line":26,"column":37}},"loc":{"start":{"line":26,"column":51},"end":{"line":26,"column":68}}},"5":{"name":"(anonymous_7)","decl":{"start":{"line":29,"column":18},"end":{"line":29,"column":19}},"loc":{"start":{"line":29,"column":30},"end":{"line":44,"column":5}}},"6":{"name":"(anonymous_8)","decl":{"start":{"line":35,"column":25},"end":{"line":35,"column":26}},"loc":{"start":{"line":35,"column":45},"end":{"line":40,"column":7}}},"7":{"name":"(anonymous_9)","decl":{"start":{"line":48,"column":10},"end":{"line":48,"column":26}},"loc":{"start":{"line":48,"column":43},"end":{"line":57,"column":3}}},"8":{"name":"(anonymous_10)","decl":{"start":{"line":49,"column":23},"end":{"line":49,"column":24}},"loc":{"start":{"line":49,"column":43},"end":{"line":56,"column":5}}},"9":{"name":"(anonymous_11)","decl":{"start":{"line":50,"column":31},"end":{"line":50,"column":32}},"loc":{"start":{"line":50,"column":49},"end":{"line":55,"column":7}}},"10":{"name":"(anonymous_12)","decl":{"start":{"line":59,"column":2},"end":{"line":59,"column":7}},"loc":{"start":{"line":64,"column":27},"end":{"line":76,"column":3}}},"11":{"name":"(anonymous_13)","decl":{"start":{"line":78,"column":2},"end":{"line":78,"column":7}},"loc":{"start":{"line":83,"column":37},"end":{"line":242,"column":3}}},"12":{"name":"(anonymous_14)","decl":{"start":{"line":136,"column":46},"end":{"line":136,"column":47}},"loc":{"start":{"line":136,"column":51},"end":{"line":136,"column":64}}},"13":{"name":"(anonymous_15)","decl":{"start":{"line":204,"column":21},"end":{"line":204,"column":22}},"loc":{"start":{"line":204,"column":33},"end":{"line":207,"column":9}}},"14":{"name":"(anonymous_16)","decl":{"start":{"line":208,"column":24},"end":{"line":208,"column":25}},"loc":{"start":{"line":208,"column":37},"end":{"line":210,"column":9}}},"15":{"name":"(anonymous_17)","decl":{"start":{"line":211,"column":21},"end":{"line":211,"column":22}},"loc":{"start":{"line":211,"column":45},"end":{"line":219,"column":9}}},"16":{"name":"(anonymous_18)","decl":{"start":{"line":220,"column":19},"end":{"line":220,"column":22}},"loc":{"start":{"line":220,"column":24},"end":{"line":223,"column":9}}},"17":{"name":"(anonymous_19)","decl":{"start":{"line":226,"column":17},"end":{"line":226,"column":20}},"loc":{"start":{"line":226,"column":22},"end":{"line":228,"column":7}}},"18":{"name":"(anonymous_20)","decl":{"start":{"line":244,"column":2},"end":{"line":244,"column":7}},"loc":{"start":{"line":246,"column":34},"end":{"line":265,"column":3}}},"19":{"name":"(anonymous_21)","decl":{"start":{"line":267,"column":2},"end":{"line":267,"column":7}},"loc":{"start":{"line":267,"column":35},"end":{"line":270,"column":3}}},"20":{"name":"(anonymous_22)","decl":{"start":{"line":272,"column":2},"end":{"line":272,"column":7}},"loc":{"start":{"line":272,"column":20},"end":{"line":281,"column":3}}},"21":{"name":"(anonymous_23)","decl":{"start":{"line":278,"column":43},"end":{"line":278,"column":47}},"loc":{"start":{"line":279,"column":6},"end":{"line":279,"column":73}}}},"branchMap":{"0":{"loc":{"start":{"line":16,"column":24},"end":{"line":16,"column":80}},"type":"binary-expr","locations":[{"start":{"line":16,"column":24},"end":{"line":16,"column":53}},{"start":{"line":16,"column":57},"end":{"line":16,"column":80}}]},"1":{"loc":{"start":{"line":24,"column":21},"end":{"line":24,"column":70}},"type":"binary-expr","locations":[{"start":{"line":24,"column":21},"end":{"line":24,"column":64}},{"start":{"line":24,"column":68},"end":{"line":24,"column":70}}]},"2":{"loc":{"start":{"line":51,"column":8},"end":{"line":51,"column":36}},"type":"if","locations":[{"start":{"line":51,"column":8},"end":{"line":51,"column":36}},{"start":{},"end":{}}]},"3":{"loc":{"start":{"line":53,"column":8},"end":{"line":53,"column":86}},"type":"if","locations":[{"start":{"line":53,"column":8},"end":{"line":53,"column":86}},{"start":{},"end":{}}]},"4":{"loc":{"start":{"line":64,"column":4},"end":{"line":64,"column":27}},"type":"default-arg","locations":[{"start":{"line":64,"column":22},"end":{"line":64,"column":27}}]},"5":{"loc":{"start":{"line":68,"column":27},"end":{"line":68,"column":59}},"type":"cond-expr","locations":[{"start":{"line":68,"column":36},"end":{"line":68,"column":48}},{"start":{"line":68,"column":51},"end":{"line":68,"column":59}}]},"6":{"loc":{"start":{"line":69,"column":20},"end":{"line":71,"column":140}},"type":"cond-expr","locations":[{"start":{"line":70,"column":8},"end":{"line":70,"column":132}},{"start":{"line":71,"column":8},"end":{"line":71,"column":140}}]},"7":{"loc":{"start":{"line":86,"column":4},"end":{"line":88,"column":5}},"type":"if","locations":[{"start":{"line":86,"column":4},"end":{"line":88,"column":5}},{"start":{},"end":{}}]},"8":{"loc":{"start":{"line":98,"column":6},"end":{"line":102,"column":7}},"type":"if","locations":[{"start":{"line":98,"column":6},"end":{"line":102,"column":7}},{"start":{},"end":{}}]},"9":{"loc":{"start":{"line":105,"column":6},"end":{"line":108,"column":7}},"type":"if","locations":[{"start":{"line":105,"column":6},"end":{"line":108,"column":7}},{"start":{},"end":{}}]},"10":{"loc":{"start":{"line":144,"column":6},"end":{"line":146,"column":7}},"type":"if","locations":[{"start":{"line":144,"column":6},"end":{"line":146,"column":7}},{"start":{},"end":{}}]},"11":{"loc":{"start":{"line":150,"column":6},"end":{"line":159,"column":7}},"type":"if","locations":[{"start":{"line":150,"column":6},"end":{"line":159,"column":7}},{"start":{},"end":{}}]},"12":{"loc":{"start":{"line":162,"column":6},"end":{"line":179,"column":7}},"type":"if","locations":[{"start":{"line":162,"column":6},"end":{"line":179,"column":7}},{"start":{},"end":{}}]},"13":{"loc":{"start":{"line":181,"column":6},"end":{"line":183,"column":7}},"type":"if","locations":[{"start":{"line":181,"column":6},"end":{"line":183,"column":7}},{"start":{},"end":{}}]},"14":{"loc":{"start":{"line":193,"column":6},"end":{"line":199,"column":7}},"type":"if","locations":[{"start":{"line":193,"column":6},"end":{"line":199,"column":7}},{"start":{"line":196,"column":13},"end":{"line":199,"column":7}}]},"15":{"loc":{"start":{"line":215,"column":10},"end":{"line":218,"column":11}},"type":"if","locations":[{"start":{"line":215,"column":10},"end":{"line":218,"column":11}},{"start":{},"end":{}}]},"16":{"loc":{"start":{"line":233,"column":6},"end":{"line":239,"column":7}},"type":"if","locations":[{"start":{"line":233,"column":6},"end":{"line":239,"column":7}},{"start":{},"end":{}}]},"17":{"loc":{"start":{"line":246,"column":4},"end":{"line":246,"column":34}},"type":"default-arg","locations":[{"start":{"line":246,"column":20},"end":{"line":246,"column":34}}]},"18":{"loc":{"start":{"line":250,"column":6},"end":{"line":250,"column":86}},"type":"if","locations":[{"start":{"line":250,"column":6},"end":{"line":250,"column":86}},{"start":{},"end":{}}]},"19":{"loc":{"start":{"line":257,"column":6},"end":{"line":257,"column":97}},"type":"if","locations":[{"start":{"line":257,"column":6},"end":{"line":257,"column":97}},{"start":{},"end":{}}]},"20":{"loc":{"start":{"line":261,"column":23},"end":{"line":261,"column":55}},"type":"binary-expr","locations":[{"start":{"line":261,"column":23},"end":{"line":261,"column":36}},{"start":{"line":261,"column":40},"end":{"line":261,"column":55}}]},"21":{"loc":{"start":{"line":274,"column":4},"end":{"line":276,"column":5}},"type":"if","locations":[{"start":{"line":274,"column":4},"end":{"line":276,"column":5}},{"start":{},"end":{}}]}},"s":{"0":1,"1":1,"2":1,"3":1,"4":1,"5":1,"6":1,"7":1,"8":1,"9":1,"10":1,"11":4,"12":4,"13":4,"14":2,"15":2,"16":2,"17":2,"18":2,"19":2,"20":2,"21":2,"22":2,"23":2,"24":2,"25":2,"26":2,"27":2,"28":2,"29":4,"30":4,"31":4,"32":4,"33":2,"34":2,"35":2,"36":2,"37":2,"38":2,"39":2,"40":0,"41":2,"42":2,"43":0,"44":2,"45":0,"46":0,"47":0,"48":0,"49":0,"50":0,"51":0,"52":0,"53":2,"54":2,"55":2,"56":2,"57":2,"58":2,"59":2,"60":2,"61":2,"62":2,"63":2,"64":2,"65":2,"66":1,"67":1,"68":2,"69":2,"70":2,"71":2,"72":2,"73":2,"74":2,"75":2,"76":2,"77":2,"78":2,"79":2,"80":2,"81":2,"82":2,"83":2,"84":0,"85":0,"86":2,"87":2,"88":2,"89":2,"90":2,"91":2,"92":2,"93":2,"94":2,"95":1,"96":2,"97":2,"98":2,"99":2,"100":2,"101":2,"102":2,"103":2,"104":1,"105":1,"106":1,"107":2,"108":2,"109":2,"110":2,"111":2,"112":2,"113":0,"114":0,"115":2,"116":0,"117":0,"118":0,"119":0,"120":0,"121":0,"122":0,"123":0,"124":0,"125":2,"126":2,"127":2,"128":0,"129":0,"130":2,"131":0,"132":0,"133":0,"134":0,"135":0,"136":0,"137":0,"138":0,"139":0,"140":0,"141":0,"142":0,"143":0,"144":0,"145":0,"146":0,"147":0,"148":0,"149":0,"150":0,"151":0,"152":0,"153":0,"154":0,"155":0,"156":0,"157":1,"158":1,"159":0,"160":1,"161":1,"162":1,"163":1},"f":{"0":4,"1":2,"2":2,"3":2,"4":2,"5":2,"6":4,"7":2,"8":2,"9":2,"10":0,"11":2,"12":2,"13":0,"14":0,"15":0,"16":2,"17":0,"18":0,"19":0,"20":1,"21":1},"b":{"0":[4,4],"1":[2,0],"2":[0,2],"3":[0,2],"4":[0],"5":[0,0],"6":[0,0],"7":[2,0],"8":[2,0],"9":[1,1],"10":[1,1],"11":[2,0],"12":[1,1],"13":[2,0],"14":[2,0],"15":[0,0],"16":[0,0],"17":[0],"18":[0,0],"19":[0,0],"20":[0,0],"21":[0,1]}}
}
