{"/home/user/hack-club/server/src/app.module.ts": {"path":"/home/user/hack-club/server/src/app.module.ts","statementMap":{"0":{"start":{"line":2,"column":0},"end":{"line":2,"column":40}},"1":{"start":{"line":3,"column":0},"end":{"line":3,"column":48}},"2":{"start":{"line":4,"column":0},"end":{"line":4,"column":46}},"3":{"start":{"line":5,"column":0},"end":{"line":5,"column":60}},"4":{"start":{"line":6,"column":0},"end":{"line":6,"column":51}},"5":{"start":{"line":7,"column":0},"end":{"line":7,"column":42}},"6":{"start":{"line":27,"column":7},"end":{"line":27,"column":null}},"7":{"start":{"line":27,"column":13},"end":{"line":27,"column":22}},"8":{"start":{"line":27,"column":13},"end":{"line":27,"column":null}}},"fnMap":{},"branchMap":{},"s":{"0":0,"1":0,"2":0,"3":0,"4":0,"5":0,"6":0,"7":0,"8":0},"f":{},"b":{}}
,"/home/user/hack-club/server/src/main.ts": {"path":"/home/user/hack-club/server/src/main.ts","statementMap":{"0":{"start":{"line":2,"column":0},"end":{"line":2,"column":43}},"1":{"start":{"line":3,"column":0},"end":{"line":3,"column":41}},"2":{"start":{"line":4,"column":0},"end":{"line":4,"column":114}},"3":{"start":{"line":5,"column":0},"end":{"line":5,"column":25}},"4":{"start":{"line":6,"column":0},"end":{"line":6,"column":29}},"5":{"start":{"line":9,"column":7},"end":{"line":41,"column":null}},"6":{"start":{"line":11,"column":16},"end":{"line":11,"column":35}},"7":{"start":{"line":12,"column":21},"end":{"line":12,"column":38}},"8":{"start":{"line":13,"column":20},"end":{"line":13,"column":36}},"9":{"start":{"line":16,"column":6},"end":{"line":18,"column":42}},"10":{"start":{"line":20,"column":20},"end":{"line":20,"column":84}},"11":{"start":{"line":21,"column":18},"end":{"line":21,"column":67}},"12":{"start":{"line":23,"column":23},"end":{"line":23,"column":148}},"13":{"start":{"line":26,"column":4},"end":{"line":30,"column":5}},"14":{"start":{"line":27,"column":8},"end":{"line":27,"column":80}},"15":{"start":{"line":29,"column":8},"end":{"line":29,"column":56}},"16":{"start":{"line":32,"column":4},"end":{"line":32,"column":30}},"17":{"start":{"line":34,"column":4},"end":{"line":39,"column":7}},"18":{"start":{"line":9,"column":13},"end":{"line":9,"column":30}},"19":{"start":{"line":9,"column":13},"end":{"line":41,"column":null}},"20":{"start":{"line":44,"column":14},"end":{"line":44,"column":49}},"21":{"start":{"line":47,"column":31},"end":{"line":47,"column":49}},"22":{"start":{"line":48,"column":2},"end":{"line":48,"column":36}},"23":{"start":{"line":49,"column":2},"end":{"line":49,"column":58}},"24":{"start":{"line":52,"column":2},"end":{"line":56,"column":6}},"25":{"start":{"line":59,"column":2},"end":{"line":59,"column":48}},"26":{"start":{"line":62,"column":2},"end":{"line":65,"column":5}},"27":{"start":{"line":67,"column":15},"end":{"line":67,"column":39}},"28":{"start":{"line":68,"column":2},"end":{"line":68,"column":36}},"29":{"start":{"line":69,"column":2},"end":{"line":69,"column":63}},"30":{"start":{"line":72,"column":0},"end":{"line":72,"column":12}}},"fnMap":{"0":{"name":"(anonymous_1)","decl":{"start":{"line":10,"column":2},"end":{"line":10,"column":7}},"loc":{"start":{"line":10,"column":47},"end":{"line":40,"column":3}}},"1":{"name":"bootstrap","decl":{"start":{"line":43,"column":15},"end":{"line":43,"column":24}},"loc":{"start":{"line":43,"column":24},"end":{"line":70,"column":1}}}},"branchMap":{"0":{"loc":{"start":{"line":16,"column":6},"end":{"line":18,"column":42}},"type":"cond-expr","locations":[{"start":{"line":17,"column":10},"end":{"line":17,"column":31}},{"start":{"line":18,"column":10},"end":{"line":18,"column":42}}]},"1":{"loc":{"start":{"line":20,"column":20},"end":{"line":20,"column":84}},"type":"cond-expr","locations":[{"start":{"line":20,"column":49},"end":{"line":20,"column":66}},{"start":{"line":20,"column":69},"end":{"line":20,"column":84}}]},"2":{"loc":{"start":{"line":21,"column":18},"end":{"line":21,"column":67}},"type":"cond-expr","locations":[{"start":{"line":21,"column":47},"end":{"line":21,"column":62}},{"start":{"line":21,"column":65},"end":{"line":21,"column":67}}]},"3":{"loc":{"start":{"line":67,"column":15},"end":{"line":67,"column":39}},"type":"binary-expr","locations":[{"start":{"line":67,"column":15},"end":{"line":67,"column":31}},{"start":{"line":67,"column":35},"end":{"line":67,"column":39}}]}},"s":{"0":0,"1":0,"2":0,"3":0,"4":0,"5":0,"6":0,"7":0,"8":0,"9":0,"10":0,"11":0,"12":0,"13":0,"14":0,"15":0,"16":0,"17":0,"18":0,"19":0,"20":0,"21":0,"22":0,"23":0,"24":0,"25":0,"26":0,"27":0,"28":0,"29":0,"30":0},"f":{"0":0,"1":0},"b":{"0":[0,0],"1":[0,0],"2":[0,0],"3":[0,0]}}
,"/home/user/hack-club/server/src/ai/ai.controller.ts": {"path":"/home/user/hack-club/server/src/ai/ai.controller.ts","statementMap":{"0":{"start":{"line":2,"column":0},"end":{"line":2,"column":56}},"1":{"start":{"line":3,"column":0},"end":{"line":3,"column":41}},"2":{"start":{"line":6,"column":7},"end":{"line":18,"column":null}},"3":{"start":{"line":7,"column":22},"end":{"line":7,"column":33}},"4":{"start":{"line":11,"column":4},"end":{"line":11,"column":48}},"5":{"start":{"line":16,"column":4},"end":{"line":16,"column":55}},"6":{"start":{"line":6,"column":13},"end":{"line":6,"column":25}},"7":{"start":{"line":10,"column":2},"end":{"line":12,"column":null}},"8":{"start":{"line":15,"column":2},"end":{"line":17,"column":null}},"9":{"start":{"line":6,"column":13},"end":{"line":18,"column":null}}},"fnMap":{"0":{"name":"(anonymous_4)","decl":{"start":{"line":7,"column":2},"end":{"line":7,"column":22}},"loc":{"start":{"line":7,"column":42},"end":{"line":7,"column":46}}},"1":{"name":"(anonymous_5)","decl":{"start":{"line":10,"column":2},"end":{"line":10,"column":16}},"loc":{"start":{"line":10,"column":53},"end":{"line":12,"column":3}}},"2":{"name":"(anonymous_6)","decl":{"start":{"line":15,"column":2},"end":{"line":15,"column":22}},"loc":{"start":{"line":15,"column":61},"end":{"line":17,"column":3}}}},"branchMap":{},"s":{"0":0,"1":0,"2":0,"3":0,"4":0,"5":0,"6":0,"7":0,"8":0,"9":0},"f":{"0":0,"1":0,"2":0},"b":{}}
,"/home/user/hack-club/server/src/ai/ai.module.ts": {"path":"/home/user/hack-club/server/src/ai/ai.module.ts","statementMap":{"0":{"start":{"line":2,"column":0},"end":{"line":2,"column":40}},"1":{"start":{"line":3,"column":0},"end":{"line":3,"column":47}},"2":{"start":{"line":4,"column":0},"end":{"line":4,"column":41}},"3":{"start":{"line":10,"column":7},"end":{"line":10,"column":null}},"4":{"start":{"line":10,"column":13},"end":{"line":10,"column":21}},"5":{"start":{"line":10,"column":13},"end":{"line":10,"column":null}}},"fnMap":{},"branchMap":{},"s":{"0":0,"1":0,"2":0,"3":0,"4":0,"5":0},"f":{},"b":{}}
,"/home/user/hack-club/server/src/ai/ai.service.ts": {"path":"/home/user/hack-club/server/src/ai/ai.service.ts","statementMap":{"0":{"start":{"line":2,"column":0},"end":{"line":2,"column":44}},"1":{"start":{"line":5,"column":7},"end":{"line":26,"column":null}},"2":{"start":{"line":9,"column":4},"end":{"line":9,"column":95}},"3":{"start":{"line":14,"column":4},"end":{"line":14,"column":48}},"4":{"start":{"line":19,"column":4},"end":{"line":19,"column":35}},"5":{"start":{"line":24,"column":4},"end":{"line":24,"column":78}},"6":{"start":{"line":5,"column":13},"end":{"line":5,"column":22}},"7":{"start":{"line":5,"column":13},"end":{"line":26,"column":null}}},"fnMap":{"0":{"name":"(anonymous_1)","decl":{"start":{"line":6,"column":2},"end":{"line":6,"column":7}},"loc":{"start":{"line":6,"column":36},"end":{"line":10,"column":3}}},"1":{"name":"(anonymous_2)","decl":{"start":{"line":12,"column":2},"end":{"line":12,"column":7}},"loc":{"start":{"line":12,"column":43},"end":{"line":15,"column":3}}},"2":{"name":"(anonymous_3)","decl":{"start":{"line":17,"column":2},"end":{"line":17,"column":7}},"loc":{"start":{"line":17,"column":40},"end":{"line":20,"column":3}}},"3":{"name":"(anonymous_4)","decl":{"start":{"line":22,"column":2},"end":{"line":22,"column":7}},"loc":{"start":{"line":22,"column":40},"end":{"line":25,"column":3}}}},"branchMap":{},"s":{"0":1,"1":1,"2":0,"3":0,"4":0,"5":0,"6":1,"7":1},"f":{"0":0,"1":0,"2":0,"3":0},"b":{}}
,"/home/user/hack-club/server/src/projects/project.entity.ts": {"path":"/home/user/hack-club/server/src/projects/project.entity.ts","statementMap":{"0":{"start":{"line":2,"column":0},"end":{"line":2,"column":101}},"1":{"start":{"line":5,"column":7},"end":{"line":35,"column":null}},"2":{"start":{"line":5,"column":13},"end":{"line":5,"column":26}},"3":{"start":{"line":7,"column":2},"end":{"line":7,"column":null}},"4":{"start":{"line":10,"column":2},"end":{"line":10,"column":null}},"5":{"start":{"line":13,"column":2},"end":{"line":13,"column":null}},"6":{"start":{"line":16,"column":2},"end":{"line":16,"column":null}},"7":{"start":{"line":19,"column":2},"end":{"line":19,"column":null}},"8":{"start":{"line":22,"column":2},"end":{"line":22,"column":null}},"9":{"start":{"line":25,"column":2},"end":{"line":25,"column":null}},"10":{"start":{"line":28,"column":2},"end":{"line":28,"column":null}},"11":{"start":{"line":31,"column":2},"end":{"line":31,"column":null}},"12":{"start":{"line":34,"column":2},"end":{"line":34,"column":null}},"13":{"start":{"line":5,"column":13},"end":{"line":35,"column":null}}},"fnMap":{},"branchMap":{},"s":{"0":2,"1":2,"2":2,"3":2,"4":2,"5":2,"6":2,"7":2,"8":2,"9":2,"10":2,"11":2,"12":2,"13":2},"f":{},"b":{}}
,"/home/user/hack-club/server/src/projects/projects.controller.ts": {"path":"/home/user/hack-club/server/src/projects/projects.controller.ts","statementMap":{"0":{"start":{"line":2,"column":0},"end":{"line":2,"column":86}},"1":{"start":{"line":3,"column":0},"end":{"line":3,"column":53}},"2":{"start":{"line":4,"column":0},"end":{"line":4,"column":60}},"3":{"start":{"line":7,"column":7},"end":{"line":30,"column":null}},"4":{"start":{"line":8,"column":22},"end":{"line":8,"column":39}},"5":{"start":{"line":12,"column":4},"end":{"line":12,"column":57}},"6":{"start":{"line":17,"column":4},"end":{"line":17,"column":42}},"7":{"start":{"line":22,"column":4},"end":{"line":22,"column":44}},"8":{"start":{"line":28,"column":4},"end":{"line":28,"column":43}},"9":{"start":{"line":7,"column":13},"end":{"line":7,"column":31}},"10":{"start":{"line":11,"column":2},"end":{"line":13,"column":null}},"11":{"start":{"line":16,"column":2},"end":{"line":18,"column":null}},"12":{"start":{"line":21,"column":2},"end":{"line":23,"column":null}},"13":{"start":{"line":27,"column":2},"end":{"line":29,"column":null}},"14":{"start":{"line":7,"column":13},"end":{"line":30,"column":null}}},"fnMap":{"0":{"name":"(anonymous_4)","decl":{"start":{"line":8,"column":2},"end":{"line":8,"column":22}},"loc":{"start":{"line":8,"column":54},"end":{"line":8,"column":58}}},"1":{"name":"(anonymous_5)","decl":{"start":{"line":11,"column":2},"end":{"line":11,"column":8}},"loc":{"start":{"line":11,"column":51},"end":{"line":13,"column":3}}},"2":{"name":"(anonymous_6)","decl":{"start":{"line":16,"column":2},"end":{"line":16,"column":9}},"loc":{"start":{"line":16,"column":9},"end":{"line":18,"column":3}}},"3":{"name":"(anonymous_7)","decl":{"start":{"line":21,"column":2},"end":{"line":21,"column":9}},"loc":{"start":{"line":21,"column":33},"end":{"line":23,"column":3}}},"4":{"name":"(anonymous_8)","decl":{"start":{"line":27,"column":2},"end":{"line":27,"column":8}},"loc":{"start":{"line":27,"column":32},"end":{"line":29,"column":3}}}},"branchMap":{},"s":{"0":0,"1":0,"2":0,"3":0,"4":0,"5":0,"6":0,"7":0,"8":0,"9":0,"10":0,"11":0,"12":0,"13":0,"14":0},"f":{"0":0,"1":0,"2":0,"3":0,"4":0},"b":{}}
,"/home/user/hack-club/server/src/projects/projects.module.ts": {"path":"/home/user/hack-club/server/src/projects/projects.module.ts","statementMap":{"0":{"start":{"line":2,"column":0},"end":{"line":2,"column":40}},"1":{"start":{"line":3,"column":0},"end":{"line":3,"column":48}},"2":{"start":{"line":4,"column":0},"end":{"line":4,"column":59}},"3":{"start":{"line":5,"column":0},"end":{"line":5,"column":53}},"4":{"start":{"line":6,"column":0},"end":{"line":6,"column":49}},"5":{"start":{"line":14,"column":7},"end":{"line":14,"column":null}},"6":{"start":{"line":14,"column":13},"end":{"line":14,"column":27}},"7":{"start":{"line":14,"column":13},"end":{"line":14,"column":null}}},"fnMap":{},"branchMap":{},"s":{"0":0,"1":0,"2":0,"3":0,"4":0,"5":0,"6":0,"7":0},"f":{},"b":{}}
,"/home/user/hack-club/server/src/projects/projects.service.ts": {"path":"/home/user/hack-club/server/src/projects/projects.service.ts","statementMap":{"0":{"start":{"line":2,"column":0},"end":{"line":2,"column":63}},"1":{"start":{"line":3,"column":0},"end":{"line":3,"column":51}},"2":{"start":{"line":4,"column":0},"end":{"line":4,"column":37}},"3":{"start":{"line":5,"column":0},"end":{"line":5,"column":49}},"4":{"start":{"line":9,"column":7},"end":{"line":55,"column":null}},"5":{"start":{"line":12,"column":12},"end":{"line":12,"column":25}},"6":{"start":{"line":16,"column":20},"end":{"line":20,"column":6}},"7":{"start":{"line":21,"column":4},"end":{"line":21,"column":42}},"8":{"start":{"line":25,"column":20},"end":{"line":25,"column":69}},"9":{"start":{"line":26,"column":4},"end":{"line":28,"column":5}},"10":{"start":{"line":27,"column":6},"end":{"line":27,"column":61}},"11":{"start":{"line":29,"column":4},"end":{"line":29,"column":19}},"12":{"start":{"line":33,"column":4},"end":{"line":33,"column":67}},"13":{"start":{"line":42,"column":20},"end":{"line":42,"column":42}},"14":{"start":{"line":43,"column":4},"end":{"line":43,"column":35}},"15":{"start":{"line":44,"column":4},"end":{"line":44,"column":49}},"16":{"start":{"line":44,"column":19},"end":{"line":44,"column":49}},"17":{"start":{"line":45,"column":4},"end":{"line":45,"column":37}},"18":{"start":{"line":45,"column":15},"end":{"line":45,"column":37}},"19":{"start":{"line":46,"column":4},"end":{"line":46,"column":42}},"20":{"start":{"line":50,"column":19},"end":{"line":50,"column":52}},"21":{"start":{"line":51,"column":4},"end":{"line":53,"column":5}},"22":{"start":{"line":52,"column":6},"end":{"line":52,"column":61}},"23":{"start":{"line":9,"column":13},"end":{"line":9,"column":28}},"24":{"start":{"line":9,"column":13},"end":{"line":55,"column":null}}},"fnMap":{"0":{"name":"(anonymous_4)","decl":{"start":{"line":10,"column":2},"end":{"line":10,"column":null}},"loc":{"start":{"line":12,"column":50},"end":{"line":13,"column":6}}},"1":{"name":"(anonymous_5)","decl":{"start":{"line":15,"column":2},"end":{"line":15,"column":7}},"loc":{"start":{"line":15,"column":49},"end":{"line":22,"column":3}}},"2":{"name":"(anonymous_6)","decl":{"start":{"line":24,"column":2},"end":{"line":24,"column":7}},"loc":{"start":{"line":24,"column":26},"end":{"line":30,"column":3}}},"3":{"name":"(anonymous_7)","decl":{"start":{"line":32,"column":2},"end":{"line":32,"column":7}},"loc":{"start":{"line":32,"column":15},"end":{"line":34,"column":3}}},"4":{"name":"(anonymous_8)","decl":{"start":{"line":36,"column":2},"end":{"line":36,"column":7}},"loc":{"start":{"line":40,"column":18},"end":{"line":47,"column":3}}},"5":{"name":"(anonymous_9)","decl":{"start":{"line":49,"column":2},"end":{"line":49,"column":7}},"loc":{"start":{"line":49,"column":25},"end":{"line":54,"column":3}}}},"branchMap":{"0":{"loc":{"start":{"line":26,"column":4},"end":{"line":28,"column":5}},"type":"if","locations":[{"start":{"line":26,"column":4},"end":{"line":28,"column":5}},{"start":{},"end":{}}]},"1":{"loc":{"start":{"line":44,"column":4},"end":{"line":44,"column":49}},"type":"if","locations":[{"start":{"line":44,"column":4},"end":{"line":44,"column":49}},{"start":{},"end":{}}]},"2":{"loc":{"start":{"line":45,"column":4},"end":{"line":45,"column":37}},"type":"if","locations":[{"start":{"line":45,"column":4},"end":{"line":45,"column":37}},{"start":{},"end":{}}]},"3":{"loc":{"start":{"line":51,"column":4},"end":{"line":53,"column":5}},"type":"if","locations":[{"start":{"line":51,"column":4},"end":{"line":53,"column":5}},{"start":{},"end":{}}]}},"s":{"0":2,"1":2,"2":2,"3":2,"4":2,"5":5,"6":1,"7":1,"8":1,"9":1,"10":0,"11":1,"12":1,"13":0,"14":0,"15":0,"16":0,"17":0,"18":0,"19":0,"20":1,"21":1,"22":0,"23":2,"24":2},"f":{"0":5,"1":1,"2":1,"3":1,"4":0,"5":1},"b":{"0":[0,1],"1":[0,0],"2":[0,0],"3":[0,1]}}
,"/home/user/hack-club/server/src/projects/dto/create-project.dto.ts": {"path":"/home/user/hack-club/server/src/projects/dto/create-project.dto.ts","statementMap":{"0":{"start":{"line":2,"column":0},"end":{"line":2,"column":66}},"1":{"start":{"line":4,"column":0},"end":{"line":4,"column":13}},"2":{"start":{"line":8,"column":2},"end":{"line":8,"column":null}},"3":{"start":{"line":13,"column":2},"end":{"line":13,"column":null}}},"fnMap":{},"branchMap":{},"s":{"0":0,"1":0,"2":0,"3":0},"f":{},"b":{}}
,"/home/user/hack-club/server/src/video/video.controller.ts": {"path":"/home/user/hack-club/server/src/video/video.controller.ts","statementMap":{"0":{"start":{"line":2,"column":0},"end":{"line":2,"column":105}},"1":{"start":{"line":3,"column":0},"end":{"line":3,"column":65}},"2":{"start":{"line":4,"column":0},"end":{"line":4,"column":47}},"3":{"start":{"line":8,"column":7},"end":{"line":50,"column":null}},"4":{"start":{"line":9,"column":22},"end":{"line":9,"column":36}},"5":{"start":{"line":22,"column":24},"end":{"line":27,"column":null}},"6":{"start":{"line":30,"column":4},"end":{"line":33,"column":7}},"7":{"start":{"line":35,"column":4},"end":{"line":35,"column":26}},"8":{"start":{"line":43,"column":4},"end":{"line":43,"column":61}},"9":{"start":{"line":48,"column":4},"end":{"line":48,"column":50}},"10":{"start":{"line":8,"column":13},"end":{"line":8,"column":28}},"11":{"start":{"line":17,"column":8},"end":{"line":36,"column":null}},"12":{"start":{"line":39,"column":2},"end":{"line":44,"column":null}},"13":{"start":{"line":47,"column":2},"end":{"line":49,"column":null}},"14":{"start":{"line":8,"column":13},"end":{"line":50,"column":null}}},"fnMap":{"0":{"name":"(anonymous_4)","decl":{"start":{"line":9,"column":2},"end":{"line":9,"column":22}},"loc":{"start":{"line":9,"column":48},"end":{"line":9,"column":52}}},"1":{"name":"(anonymous_5)","decl":{"start":{"line":17,"column":8},"end":{"line":17,"column":21}},"loc":{"start":{"line":20,"column":24},"end":{"line":36,"column":3}}},"2":{"name":"(anonymous_6)","decl":{"start":{"line":39,"column":2},"end":{"line":39,"column":15}},"loc":{"start":{"line":41,"column":41},"end":{"line":44,"column":3}}},"3":{"name":"(anonymous_7)","decl":{"start":{"line":47,"column":2},"end":{"line":47,"column":11}},"loc":{"start":{"line":47,"column":49},"end":{"line":49,"column":3}}}},"branchMap":{"0":{"loc":{"start":{"line":23,"column":6},"end":{"line":23,"column":22}},"type":"cond-expr","locations":[{"start":{"line":23,"column":17},"end":{"line":23,"column":20}},{"start":{"line":23,"column":17},"end":{"line":23,"column":22}}]},"1":{"loc":{"start":{"line":23,"column":6},"end":{"line":23,"column":20}},"type":"binary-expr","locations":[{"start":{"line":23,"column":6},"end":{"line":23,"column":20}},{"start":{"line":23,"column":17},"end":{"line":23,"column":20}}]},"2":{"loc":{"start":{"line":24,"column":6},"end":{"line":24,"column":24}},"type":"binary-expr","locations":[{"start":{"line":24,"column":6},"end":{"line":24,"column":18}},{"start":{"line":24,"column":22},"end":{"line":24,"column":24}}]},"3":{"loc":{"start":{"line":25,"column":17},"end":{"line":25,"column":37}},"type":"binary-expr","locations":[{"start":{"line":25,"column":17},"end":{"line":25,"column":30}},{"start":{"line":25,"column":34},"end":{"line":25,"column":37}}]},"4":{"loc":{"start":{"line":27,"column":6},"end":{"line":27,"column":24}},"type":"cond-expr","locations":[{"start":{"line":27,"column":19},"end":{"line":27,"column":22}},{"start":{"line":27,"column":19},"end":{"line":27,"column":24}}]},"5":{"loc":{"start":{"line":27,"column":6},"end":{"line":27,"column":22}},"type":"binary-expr","locations":[{"start":{"line":27,"column":6},"end":{"line":27,"column":22}},{"start":{"line":27,"column":19},"end":{"line":27,"column":22}}]}},"s":{"0":0,"1":0,"2":0,"3":0,"4":0,"5":0,"6":0,"7":0,"8":0,"9":0,"10":0,"11":0,"12":0,"13":0,"14":0},"f":{"0":0,"1":0,"2":0,"3":0},"b":{"0":[0,0],"1":[0,0],"2":[0,0],"3":[0,0],"4":[0,0],"5":[0,0]}}
,"/home/user/hack-club/server/src/video/video.gateway.ts": {"path":"/home/user/hack-club/server/src/video/video.gateway.ts","statementMap":{"0":{"start":{"line":1,"column":0},"end":{"line":1,"column":null}},"1":{"start":{"line":7,"column":0},"end":{"line":7,"column":35}},"2":{"start":{"line":14,"column":7},"end":{"line":26,"column":null}},"3":{"start":{"line":19,"column":4},"end":{"line":19,"column":67}},"4":{"start":{"line":24,"column":4},"end":{"line":24,"column":52}},"5":{"start":{"line":14,"column":13},"end":{"line":14,"column":25}},"6":{"start":{"line":16,"column":2},"end":{"line":16,"column":null}},"7":{"start":{"line":23,"column":2},"end":{"line":25,"column":null}},"8":{"start":{"line":14,"column":13},"end":{"line":26,"column":null}}},"fnMap":{"0":{"name":"(anonymous_4)","decl":{"start":{"line":18,"column":2},"end":{"line":18,"column":19}},"loc":{"start":{"line":18,"column":70},"end":{"line":20,"column":3}}},"1":{"name":"(anonymous_5)","decl":{"start":{"line":23,"column":2},"end":{"line":23,"column":17}},"loc":{"start":{"line":23,"column":50},"end":{"line":25,"column":3}}}},"branchMap":{},"s":{"0":1,"1":1,"2":1,"3":0,"4":0,"5":1,"6":1,"7":1,"8":1},"f":{"0":0,"1":0},"b":{}}
,"/home/user/hack-club/server/src/video/video.module.ts": {"path":"/home/user/hack-club/server/src/video/video.module.ts","statementMap":{"0":{"start":{"line":3,"column":0},"end":{"line":3,"column":40}},"1":{"start":{"line":4,"column":0},"end":{"line":4,"column":53}},"2":{"start":{"line":5,"column":0},"end":{"line":5,"column":47}},"3":{"start":{"line":6,"column":0},"end":{"line":6,"column":61}},"4":{"start":{"line":7,"column":0},"end":{"line":7,"column":47}},"5":{"start":{"line":15,"column":7},"end":{"line":15,"column":null}},"6":{"start":{"line":15,"column":13},"end":{"line":15,"column":24}},"7":{"start":{"line":15,"column":13},"end":{"line":15,"column":null}}},"fnMap":{},"branchMap":{},"s":{"0":0,"1":0,"2":0,"3":0,"4":0,"5":0,"6":0,"7":0},"f":{},"b":{}}
,"/home/user/hack-club/server/src/video/video.service.ts": {"path":"/home/user/hack-club/server/src/video/video.service.ts","statementMap":{"0":{"start":{"line":2,"column":0},"end":{"line":2,"column":65}},"1":{"start":{"line":3,"column":0},"end":{"line":3,"column":37}},"2":{"start":{"line":4,"column":0},"end":{"line":4,"column":33}},"3":{"start":{"line":5,"column":0},"end":{"line":5,"column":25}},"4":{"start":{"line":6,"column":0},"end":{"line":6,"column":29}},"5":{"start":{"line":7,"column":0},"end":{"line":7,"column":40}},"6":{"start":{"line":8,"column":0},"end":{"line":8,"column":37}},"7":{"start":{"line":9,"column":0},"end":{"line":9,"column":63}},"8":{"start":{"line":10,"column":0},"end":{"line":10,"column":47}},"9":{"start":{"line":12,"column":18},"end":{"line":12,"column":33}},"10":{"start":{"line":15,"column":7},"end":{"line":366,"column":null}},"11":{"start":{"line":19,"column":12},"end":{"line":19,"column":29}},"12":{"start":{"line":20,"column":12},"end":{"line":20,"column":26}},"13":{"start":{"line":16,"column":10},"end":{"line":16,"column":81}},"14":{"start":{"line":26,"column":21},"end":{"line":26,"column":70}},"15":{"start":{"line":27,"column":18},"end":{"line":27,"column":71}},"16":{"start":{"line":27,"column":36},"end":{"line":27,"column":44}},"17":{"start":{"line":27,"column":58},"end":{"line":27,"column":70}},"18":{"start":{"line":30,"column":23},"end":{"line":30,"column":72}},"19":{"start":{"line":30,"column":51},"end":{"line":30,"column":68}},"20":{"start":{"line":32,"column":21},"end":{"line":32,"column":23}},"21":{"start":{"line":33,"column":22},"end":{"line":33,"column":23}},"22":{"start":{"line":35,"column":4},"end":{"line":55,"column":7}},"23":{"start":{"line":38,"column":21},"end":{"line":38,"column":45}},"24":{"start":{"line":39,"column":23},"end":{"line":39,"column":45}},"25":{"start":{"line":41,"column":20},"end":{"line":41,"column":31}},"26":{"start":{"line":42,"column":18},"end":{"line":42,"column":40}},"27":{"start":{"line":43,"column":6},"end":{"line":43,"column":24}},"28":{"start":{"line":45,"column":25},"end":{"line":50,"column":7}},"29":{"start":{"line":46,"column":21},"end":{"line":46,"column":32}},"30":{"start":{"line":47,"column":8},"end":{"line":47,"column":33}},"31":{"start":{"line":48,"column":19},"end":{"line":48,"column":51}},"32":{"start":{"line":49,"column":8},"end":{"line":49,"column":87}},"33":{"start":{"line":52,"column":6},"end":{"line":52,"column":33}},"34":{"start":{"line":53,"column":6},"end":{"line":53,"column":68}},"35":{"start":{"line":54,"column":6},"end":{"line":54,"column":41}},"36":{"start":{"line":57,"column":4},"end":{"line":57,"column":22}},"37":{"start":{"line":61,"column":4},"end":{"line":68,"column":7}},"38":{"start":{"line":62,"column":6},"end":{"line":67,"column":9}},"39":{"start":{"line":63,"column":8},"end":{"line":63,"column":36}},"40":{"start":{"line":63,"column":17},"end":{"line":63,"column":36}},"41":{"start":{"line":64,"column":25},"end":{"line":64,"column":49}},"42":{"start":{"line":65,"column":8},"end":{"line":65,"column":86}},"43":{"start":{"line":65,"column":23},"end":{"line":65,"column":86}},"44":{"start":{"line":66,"column":8},"end":{"line":66,"column":26}},"45":{"start":{"line":78,"column":16},"end":{"line":78,"column":18}},"46":{"start":{"line":84,"column":33},"end":{"line":84,"column":58}},"47":{"start":{"line":88,"column":27},"end":{"line":88,"column":59}},"48":{"start":{"line":91,"column":20},"end":{"line":93,"column":140}},"49":{"start":{"line":110,"column":32},"end":{"line":110,"column":63}},"50":{"start":{"line":111,"column":25},"end":{"line":111,"column":97}},"51":{"start":{"line":113,"column":16},"end":{"line":113,"column":237}},"52":{"start":{"line":115,"column":4},"end":{"line":115,"column":25}},"53":{"start":{"line":125,"column":20},"end":{"line":125,"column":78}},"54":{"start":{"line":126,"column":4},"end":{"line":128,"column":5}},"55":{"start":{"line":127,"column":6},"end":{"line":127,"column":49}},"56":{"start":{"line":130,"column":4},"end":{"line":307,"column":5}},"57":{"start":{"line":131,"column":24},"end":{"line":131,"column":55}},"58":{"start":{"line":132,"column":6},"end":{"line":132,"column":52}},"59":{"start":{"line":135,"column":28},"end":{"line":135,"column":66}},"60":{"start":{"line":136,"column":6},"end":{"line":136,"column":95}},"61":{"start":{"line":139,"column":6},"end":{"line":144,"column":7}},"62":{"start":{"line":140,"column":10},"end":{"line":140,"column":56}},"63":{"start":{"line":142,"column":29},"end":{"line":142,"column":68}},"64":{"start":{"line":143,"column":10},"end":{"line":143,"column":57}},"65":{"start":{"line":147,"column":6},"end":{"line":150,"column":7}},"66":{"start":{"line":148,"column":8},"end":{"line":148,"column":57}},"67":{"start":{"line":149,"column":8},"end":{"line":149,"column":58}},"68":{"start":{"line":152,"column":34},"end":{"line":152,"column":36}},"69":{"start":{"line":153,"column":31},"end":{"line":153,"column":64}},"70":{"start":{"line":156,"column":6},"end":{"line":156,"column":61}},"71":{"start":{"line":157,"column":6},"end":{"line":157,"column":79}},"72":{"start":{"line":159,"column":6},"end":{"line":180,"column":7}},"73":{"start":{"line":159,"column":19},"end":{"line":159,"column":20}},"74":{"start":{"line":160,"column":21},"end":{"line":160,"column":34}},"75":{"start":{"line":161,"column":24},"end":{"line":161,"column":61}},"76":{"start":{"line":162,"column":25},"end":{"line":162,"column":60}},"77":{"start":{"line":163,"column":23},"end":{"line":163,"column":50}},"78":{"start":{"line":165,"column":8},"end":{"line":165,"column":47}},"79":{"start":{"line":167,"column":8},"end":{"line":179,"column":9}},"80":{"start":{"line":169,"column":12},"end":{"line":169,"column":82}},"81":{"start":{"line":170,"column":12},"end":{"line":170,"column":37}},"82":{"start":{"line":172,"column":28},"end":{"line":172,"column":72}},"83":{"start":{"line":173,"column":12},"end":{"line":173,"column":91}},"84":{"start":{"line":175,"column":12},"end":{"line":175,"column":60}},"85":{"start":{"line":178,"column":12},"end":{"line":178,"column":20}},"86":{"start":{"line":183,"column":29},"end":{"line":183,"column":66}},"87":{"start":{"line":184,"column":32},"end":{"line":184,"column":76}},"88":{"start":{"line":184,"column":51},"end":{"line":184,"column":64}},"89":{"start":{"line":185,"column":6},"end":{"line":185,"column":58}},"90":{"start":{"line":188,"column":24},"end":{"line":188,"column":41}},"91":{"start":{"line":190,"column":20},"end":{"line":190,"column":28}},"92":{"start":{"line":193,"column":6},"end":{"line":195,"column":48}},"93":{"start":{"line":198,"column":6},"end":{"line":198,"column":41}},"94":{"start":{"line":201,"column":6},"end":{"line":203,"column":7}},"95":{"start":{"line":202,"column":8},"end":{"line":202,"column":45}},"96":{"start":{"line":205,"column":35},"end":{"line":205,"column":37}},"97":{"start":{"line":208,"column":23},"end":{"line":208,"column":28}},"98":{"start":{"line":209,"column":6},"end":{"line":221,"column":7}},"99":{"start":{"line":210,"column":33},"end":{"line":210,"column":81}},"100":{"start":{"line":211,"column":10},"end":{"line":219,"column":13}},"101":{"start":{"line":220,"column":10},"end":{"line":220,"column":38}},"102":{"start":{"line":224,"column":23},"end":{"line":224,"column":28}},"103":{"start":{"line":225,"column":6},"end":{"line":239,"column":7}},"104":{"start":{"line":226,"column":10},"end":{"line":231,"column":13}},"105":{"start":{"line":232,"column":10},"end":{"line":237,"column":13}},"106":{"start":{"line":238,"column":10},"end":{"line":238,"column":34}},"107":{"start":{"line":242,"column":6},"end":{"line":244,"column":7}},"108":{"start":{"line":243,"column":10},"end":{"line":243,"column":47}},"109":{"start":{"line":246,"column":28},"end":{"line":252,"column":8}},"110":{"start":{"line":254,"column":6},"end":{"line":261,"column":7}},"111":{"start":{"line":255,"column":11},"end":{"line":255,"column":52}},"112":{"start":{"line":256,"column":11},"end":{"line":256,"column":52}},"113":{"start":{"line":259,"column":11},"end":{"line":259,"column":42}},"114":{"start":{"line":260,"column":11},"end":{"line":260,"column":42}},"115":{"start":{"line":263,"column":6},"end":{"line":287,"column":40}},"116":{"start":{"line":267,"column":12},"end":{"line":267,"column":69}},"117":{"start":{"line":268,"column":12},"end":{"line":268,"column":81}},"118":{"start":{"line":272,"column":13},"end":{"line":272,"column":103}},"119":{"start":{"line":275,"column":10},"end":{"line":275,"column":64}},"120":{"start":{"line":276,"column":10},"end":{"line":276,"column":45}},"121":{"start":{"line":277,"column":10},"end":{"line":277,"column":73}},"122":{"start":{"line":278,"column":10},"end":{"line":281,"column":11}},"123":{"start":{"line":279,"column":14},"end":{"line":279,"column":43}},"124":{"start":{"line":280,"column":14},"end":{"line":280,"column":30}},"125":{"start":{"line":284,"column":10},"end":{"line":284,"column":57}},"126":{"start":{"line":285,"column":10},"end":{"line":285,"column":79}},"127":{"start":{"line":290,"column":6},"end":{"line":294,"column":17}},"128":{"start":{"line":291,"column":8},"end":{"line":293,"column":22}},"129":{"start":{"line":292,"column":10},"end":{"line":292,"column":63}},"130":{"start":{"line":296,"column":6},"end":{"line":296,"column":23}},"131":{"start":{"line":298,"column":6},"end":{"line":298,"column":58}},"132":{"start":{"line":299,"column":6},"end":{"line":305,"column":7}},"133":{"start":{"line":300,"column":8},"end":{"line":300,"column":35}},"134":{"start":{"line":301,"column":8},"end":{"line":304,"column":22}},"135":{"start":{"line":302,"column":28},"end":{"line":302,"column":71}},"136":{"start":{"line":303,"column":12},"end":{"line":303,"column":101}},"137":{"start":{"line":306,"column":6},"end":{"line":306,"column":18}},"138":{"start":{"line":314,"column":4},"end":{"line":355,"column":5}},"139":{"start":{"line":316,"column":22},"end":{"line":316,"column":67}},"140":{"start":{"line":318,"column":6},"end":{"line":320,"column":7}},"141":{"start":{"line":319,"column":8},"end":{"line":319,"column":63}},"142":{"start":{"line":323,"column":6},"end":{"line":323,"column":71}},"143":{"start":{"line":326,"column":25},"end":{"line":326,"column":83}},"144":{"start":{"line":327,"column":6},"end":{"line":327,"column":60}},"145":{"start":{"line":330,"column":18},"end":{"line":330,"column":100}},"146":{"start":{"line":331,"column":33},"end":{"line":331,"column":74}},"147":{"start":{"line":334,"column":24},"end":{"line":334,"column":37}},"148":{"start":{"line":336,"column":6},"end":{"line":338,"column":7}},"149":{"start":{"line":337,"column":8},"end":{"line":337,"column":64}},"150":{"start":{"line":341,"column":6},"end":{"line":341,"column":76}},"151":{"start":{"line":343,"column":6},"end":{"line":346,"column":8}},"152":{"start":{"line":348,"column":23},"end":{"line":348,"column":55}},"153":{"start":{"line":349,"column":6},"end":{"line":349,"column":87}},"154":{"start":{"line":351,"column":6},"end":{"line":354,"column":8}},"155":{"start":{"line":359,"column":20},"end":{"line":359,"column":65}},"156":{"start":{"line":360,"column":4},"end":{"line":364,"column":6}},"157":{"start":{"line":15,"column":13},"end":{"line":15,"column":25}},"158":{"start":{"line":15,"column":13},"end":{"line":366,"column":null}}},"fnMap":{"0":{"name":"(anonymous_2)","decl":{"start":{"line":18,"column":2},"end":{"line":18,"column":null}},"loc":{"start":{"line":20,"column":38},"end":{"line":21,"column":6}}},"1":{"name":"(anonymous_3)","decl":{"start":{"line":23,"column":10},"end":{"line":23,"column":21}},"loc":{"start":{"line":23,"column":59},"end":{"line":58,"column":3}}},"2":{"name":"(anonymous_4)","decl":{"start":{"line":27,"column":31},"end":{"line":27,"column":32}},"loc":{"start":{"line":27,"column":36},"end":{"line":27,"column":44}}},"3":{"name":"(anonymous_5)","decl":{"start":{"line":27,"column":53},"end":{"line":27,"column":54}},"loc":{"start":{"line":27,"column":58},"end":{"line":27,"column":70}}},"4":{"name":"(anonymous_6)","decl":{"start":{"line":30,"column":36},"end":{"line":30,"column":37}},"loc":{"start":{"line":30,"column":51},"end":{"line":30,"column":68}}},"5":{"name":"(anonymous_7)","decl":{"start":{"line":35,"column":18},"end":{"line":35,"column":19}},"loc":{"start":{"line":35,"column":30},"end":{"line":55,"column":5}}},"6":{"name":"(anonymous_8)","decl":{"start":{"line":45,"column":25},"end":{"line":45,"column":26}},"loc":{"start":{"line":45,"column":45},"end":{"line":50,"column":7}}},"7":{"name":"(anonymous_9)","decl":{"start":{"line":60,"column":10},"end":{"line":60,"column":26}},"loc":{"start":{"line":60,"column":43},"end":{"line":69,"column":3}}},"8":{"name":"(anonymous_10)","decl":{"start":{"line":61,"column":23},"end":{"line":61,"column":24}},"loc":{"start":{"line":61,"column":43},"end":{"line":68,"column":5}}},"9":{"name":"(anonymous_11)","decl":{"start":{"line":62,"column":31},"end":{"line":62,"column":32}},"loc":{"start":{"line":62,"column":49},"end":{"line":67,"column":7}}},"10":{"name":"(anonymous_12)","decl":{"start":{"line":71,"column":2},"end":{"line":71,"column":7}},"loc":{"start":{"line":76,"column":27},"end":{"line":116,"column":3}}},"11":{"name":"(anonymous_13)","decl":{"start":{"line":118,"column":2},"end":{"line":118,"column":7}},"loc":{"start":{"line":123,"column":37},"end":{"line":308,"column":3}}},"12":{"name":"(anonymous_14)","decl":{"start":{"line":184,"column":46},"end":{"line":184,"column":47}},"loc":{"start":{"line":184,"column":51},"end":{"line":184,"column":64}}},"13":{"name":"(anonymous_15)","decl":{"start":{"line":266,"column":21},"end":{"line":266,"column":22}},"loc":{"start":{"line":266,"column":33},"end":{"line":269,"column":9}}},"14":{"name":"(anonymous_16)","decl":{"start":{"line":270,"column":24},"end":{"line":270,"column":25}},"loc":{"start":{"line":270,"column":37},"end":{"line":273,"column":9}}},"15":{"name":"(anonymous_17)","decl":{"start":{"line":274,"column":21},"end":{"line":274,"column":22}},"loc":{"start":{"line":274,"column":45},"end":{"line":282,"column":9}}},"16":{"name":"(anonymous_18)","decl":{"start":{"line":283,"column":19},"end":{"line":283,"column":22}},"loc":{"start":{"line":283,"column":24},"end":{"line":286,"column":9}}},"17":{"name":"(anonymous_19)","decl":{"start":{"line":290,"column":17},"end":{"line":290,"column":20}},"loc":{"start":{"line":290,"column":22},"end":{"line":294,"column":7}}},"18":{"name":"(anonymous_20)","decl":{"start":{"line":310,"column":2},"end":{"line":310,"column":7}},"loc":{"start":{"line":312,"column":34},"end":{"line":356,"column":3}}},"19":{"name":"(anonymous_21)","decl":{"start":{"line":358,"column":2},"end":{"line":358,"column":7}},"loc":{"start":{"line":358,"column":35},"end":{"line":365,"column":3}}}},"branchMap":{"0":{"loc":{"start":{"line":16,"column":24},"end":{"line":16,"column":80}},"type":"binary-expr","locations":[{"start":{"line":16,"column":24},"end":{"line":16,"column":53}},{"start":{"line":16,"column":57},"end":{"line":16,"column":80}}]},"1":{"loc":{"start":{"line":26,"column":21},"end":{"line":26,"column":70}},"type":"binary-expr","locations":[{"start":{"line":26,"column":21},"end":{"line":26,"column":64}},{"start":{"line":26,"column":68},"end":{"line":26,"column":70}}]},"2":{"loc":{"start":{"line":63,"column":8},"end":{"line":63,"column":36}},"type":"if","locations":[{"start":{"line":63,"column":8},"end":{"line":63,"column":36}},{"start":{},"end":{}}]},"3":{"loc":{"start":{"line":65,"column":8},"end":{"line":65,"column":86}},"type":"if","locations":[{"start":{"line":65,"column":8},"end":{"line":65,"column":86}},{"start":{},"end":{}}]},"4":{"loc":{"start":{"line":76,"column":4},"end":{"line":76,"column":27}},"type":"default-arg","locations":[{"start":{"line":76,"column":22},"end":{"line":76,"column":27}}]},"5":{"loc":{"start":{"line":88,"column":27},"end":{"line":88,"column":59}},"type":"cond-expr","locations":[{"start":{"line":88,"column":36},"end":{"line":88,"column":48}},{"start":{"line":88,"column":51},"end":{"line":88,"column":59}}]},"6":{"loc":{"start":{"line":91,"column":20},"end":{"line":93,"column":140}},"type":"cond-expr","locations":[{"start":{"line":92,"column":8},"end":{"line":92,"column":132}},{"start":{"line":93,"column":8},"end":{"line":93,"column":140}}]},"7":{"loc":{"start":{"line":126,"column":4},"end":{"line":128,"column":5}},"type":"if","locations":[{"start":{"line":126,"column":4},"end":{"line":128,"column":5}},{"start":{},"end":{}}]},"8":{"loc":{"start":{"line":139,"column":6},"end":{"line":144,"column":7}},"type":"if","locations":[{"start":{"line":139,"column":6},"end":{"line":144,"column":7}},{"start":{},"end":{}}]},"9":{"loc":{"start":{"line":147,"column":6},"end":{"line":150,"column":7}},"type":"if","locations":[{"start":{"line":147,"column":6},"end":{"line":150,"column":7}},{"start":{},"end":{}}]},"10":{"loc":{"start":{"line":201,"column":6},"end":{"line":203,"column":7}},"type":"if","locations":[{"start":{"line":201,"column":6},"end":{"line":203,"column":7}},{"start":{},"end":{}}]},"11":{"loc":{"start":{"line":209,"column":6},"end":{"line":221,"column":7}},"type":"if","locations":[{"start":{"line":209,"column":6},"end":{"line":221,"column":7}},{"start":{},"end":{}}]},"12":{"loc":{"start":{"line":225,"column":6},"end":{"line":239,"column":7}},"type":"if","locations":[{"start":{"line":225,"column":6},"end":{"line":239,"column":7}},{"start":{},"end":{}}]},"13":{"loc":{"start":{"line":242,"column":6},"end":{"line":244,"column":7}},"type":"if","locations":[{"start":{"line":242,"column":6},"end":{"line":244,"column":7}},{"start":{},"end":{}}]},"14":{"loc":{"start":{"line":254,"column":6},"end":{"line":261,"column":7}},"type":"if","locations":[{"start":{"line":254,"column":6},"end":{"line":261,"column":7}},{"start":{"line":257,"column":13},"end":{"line":261,"column":7}}]},"15":{"loc":{"start":{"line":278,"column":10},"end":{"line":281,"column":11}},"type":"if","locations":[{"start":{"line":278,"column":10},"end":{"line":281,"column":11}},{"start":{},"end":{}}]},"16":{"loc":{"start":{"line":299,"column":6},"end":{"line":305,"column":7}},"type":"if","locations":[{"start":{"line":299,"column":6},"end":{"line":305,"column":7}},{"start":{},"end":{}}]},"17":{"loc":{"start":{"line":312,"column":4},"end":{"line":312,"column":34}},"type":"default-arg","locations":[{"start":{"line":312,"column":20},"end":{"line":312,"column":34}}]},"18":{"loc":{"start":{"line":318,"column":6},"end":{"line":320,"column":7}},"type":"if","locations":[{"start":{"line":318,"column":6},"end":{"line":320,"column":7}},{"start":{},"end":{}}]},"19":{"loc":{"start":{"line":336,"column":6},"end":{"line":338,"column":7}},"type":"if","locations":[{"start":{"line":336,"column":6},"end":{"line":338,"column":7}},{"start":{},"end":{}}]},"20":{"loc":{"start":{"line":348,"column":23},"end":{"line":348,"column":55}},"type":"binary-expr","locations":[{"start":{"line":348,"column":23},"end":{"line":348,"column":36}},{"start":{"line":348,"column":40},"end":{"line":348,"column":55}}]}},"s":{"0":1,"1":1,"2":1,"3":1,"4":1,"5":1,"6":1,"7":1,"8":1,"9":1,"10":1,"11":4,"12":4,"13":4,"14":1,"15":1,"16":1,"17":1,"18":1,"19":1,"20":1,"21":1,"22":1,"23":1,"24":1,"25":1,"26":1,"27":1,"28":1,"29":2,"30":2,"31":2,"32":2,"33":1,"34":1,"35":1,"36":1,"37":1,"38":1,"39":1,"40":0,"41":1,"42":1,"43":0,"44":1,"45":2,"46":2,"47":2,"48":2,"49":2,"50":2,"51":2,"52":2,"53":1,"54":1,"55":0,"56":1,"57":1,"58":1,"59":1,"60":1,"61":1,"62":1,"63":1,"64":1,"65":1,"66":0,"67":0,"68":1,"69":1,"70":1,"71":1,"72":1,"73":1,"74":2,"75":2,"76":2,"77":2,"78":2,"79":2,"80":2,"81":2,"82":2,"83":2,"84":0,"85":0,"86":1,"87":1,"88":2,"89":1,"90":1,"91":1,"92":1,"93":1,"94":1,"95":0,"96":1,"97":1,"98":1,"99":1,"100":1,"101":1,"102":1,"103":1,"104":0,"105":0,"106":0,"107":1,"108":1,"109":1,"110":1,"111":1,"112":1,"113":0,"114":0,"115":1,"116":0,"117":0,"118":0,"119":0,"120":0,"121":0,"122":0,"123":0,"124":0,"125":1,"126":1,"127":1,"128":0,"129":0,"130":1,"131":0,"132":0,"133":0,"134":0,"135":0,"136":0,"137":0,"138":1,"139":1,"140":1,"141":0,"142":1,"143":1,"144":1,"145":1,"146":1,"147":1,"148":1,"149":0,"150":1,"151":1,"152":0,"153":0,"154":0,"155":1,"156":1,"157":1,"158":1},"f":{"0":4,"1":1,"2":1,"3":1,"4":1,"5":1,"6":2,"7":1,"8":1,"9":1,"10":2,"11":1,"12":2,"13":0,"14":0,"15":0,"16":1,"17":0,"18":1,"19":1},"b":{"0":[4,4],"1":[1,0],"2":[0,1],"3":[0,1],"4":[0],"5":[1,1],"6":[1,1],"7":[0,1],"8":[1,0],"9":[0,1],"10":[0,1],"11":[1,0],"12":[0,1],"13":[1,0],"14":[1,0],"15":[0,0],"16":[0,0],"17":[1],"18":[0,1],"19":[0,1],"20":[0,0]}}
}
