TN:
SF:src/app.module.ts
FNF:0
FNH:0
DA:1,0
DA:2,0
DA:3,0
DA:4,0
DA:5,0
DA:6,0
DA:26,0
LF:7
LH:0
BRF:0
BRH:0
end_of_record
TN:
SF:src/main.ts
FN:10,(anonymous_1)
FN:43,bootstrap
FNF:2
FNH:0
FNDA:0,(anonymous_1)
FNDA:0,bootstrap
DA:2,0
DA:3,0
DA:4,0
DA:5,0
DA:6,0
DA:9,0
DA:11,0
DA:12,0
DA:13,0
DA:16,0
DA:20,0
DA:21,0
DA:23,0
DA:26,0
DA:27,0
DA:29,0
DA:32,0
DA:34,0
DA:44,0
DA:47,0
DA:48,0
DA:49,0
DA:52,0
DA:59,0
DA:62,0
DA:67,0
DA:68,0
DA:69,0
DA:72,0
LF:29
LH:0
BRDA:16,0,0,0
BRDA:16,0,1,0
BRDA:20,1,0,0
BRDA:20,1,1,0
BRDA:21,2,0,0
BRDA:21,2,1,0
BRDA:67,3,0,0
BRDA:67,3,1,0
BRF:8
BRH:0
end_of_record
TN:
SF:src/ai/ai.controller.ts
FN:7,(anonymous_4)
FN:10,(anonymous_5)
FN:15,(anonymous_6)
FNF:3
FNH:0
FNDA:0,(anonymous_4)
FNDA:0,(anonymous_5)
FNDA:0,(anonymous_6)
DA:2,0
DA:3,0
DA:6,0
DA:7,0
DA:10,0
DA:11,0
DA:15,0
DA:16,0
LF:8
LH:0
BRF:0
BRH:0
end_of_record
TN:
SF:src/ai/ai.module.ts
FNF:0
FNH:0
DA:2,0
DA:3,0
DA:4,0
DA:10,0
LF:4
LH:0
BRF:0
BRH:0
end_of_record
TN:
SF:src/ai/ai.service.ts
FN:6,(anonymous_1)
FN:12,(anonymous_2)
FN:17,(anonymous_3)
FN:22,(anonymous_4)
FNF:4
FNH:0
FNDA:0,(anonymous_1)
FNDA:0,(anonymous_2)
FNDA:0,(anonymous_3)
FNDA:0,(anonymous_4)
DA:2,1
DA:5,1
DA:9,0
DA:14,0
DA:19,0
DA:24,0
LF:6
LH:2
BRF:0
BRH:0
end_of_record
TN:
SF:src/projects/project.entity.ts
FNF:0
FNH:0
DA:2,2
DA:5,2
DA:7,2
DA:10,2
DA:13,2
DA:16,2
DA:19,2
DA:22,2
DA:25,2
DA:28,2
DA:31,2
DA:34,2
LF:12
LH:12
BRF:0
BRH:0
end_of_record
TN:
SF:src/projects/projects.controller.ts
FN:8,(anonymous_4)
FN:11,(anonymous_5)
FN:16,(anonymous_6)
FN:21,(anonymous_7)
FN:27,(anonymous_8)
FNF:5
FNH:0
FNDA:0,(anonymous_4)
FNDA:0,(anonymous_5)
FNDA:0,(anonymous_6)
FNDA:0,(anonymous_7)
FNDA:0,(anonymous_8)
DA:2,0
DA:3,0
DA:4,0
DA:7,0
DA:8,0
DA:11,0
DA:12,0
DA:16,0
DA:17,0
DA:21,0
DA:22,0
DA:27,0
DA:28,0
LF:13
LH:0
BRF:0
BRH:0
end_of_record
TN:
SF:src/projects/projects.module.ts
FNF:0
FNH:0
DA:2,0
DA:3,0
DA:4,0
DA:5,0
DA:6,0
DA:14,0
LF:6
LH:0
BRF:0
BRH:0
end_of_record
TN:
SF:src/projects/projects.service.ts
FN:10,(anonymous_4)
FN:15,(anonymous_5)
FN:24,(anonymous_6)
FN:32,(anonymous_7)
FN:36,(anonymous_8)
FN:49,(anonymous_9)
FNF:6
FNH:5
FNDA:5,(anonymous_4)
FNDA:1,(anonymous_5)
FNDA:1,(anonymous_6)
FNDA:1,(anonymous_7)
FNDA:0,(anonymous_8)
FNDA:1,(anonymous_9)
DA:2,2
DA:3,2
DA:4,2
DA:5,2
DA:9,2
DA:12,5
DA:16,1
DA:21,1
DA:25,1
DA:26,1
DA:27,0
DA:29,1
DA:33,1
DA:42,0
DA:43,0
DA:44,0
DA:45,0
DA:46,0
DA:50,1
DA:51,1
DA:52,0
LF:21
LH:14
BRDA:26,0,0,0
BRDA:26,0,1,1
BRDA:44,1,0,0
BRDA:44,1,1,0
BRDA:45,2,0,0
BRDA:45,2,1,0
BRDA:51,3,0,0
BRDA:51,3,1,1
BRF:8
BRH:2
end_of_record
TN:
SF:src/projects/dto/create-project.dto.ts
FNF:0
FNH:0
DA:2,0
DA:4,0
DA:8,0
DA:13,0
LF:4
LH:0
BRF:0
BRH:0
end_of_record
TN:
SF:src/video/video.controller.ts
FN:11,(anonymous_4)
FN:14,(anonymous_5)
FN:24,(anonymous_6)
FN:68,(anonymous_7)
FN:76,(anonymous_8)
FNF:5
FNH:0
FNDA:0,(anonymous_4)
FNDA:0,(anonymous_5)
FNDA:0,(anonymous_6)
FNDA:0,(anonymous_7)
FNDA:0,(anonymous_8)
DA:2,0
DA:3,0
DA:4,0
DA:6,0
DA:7,0
DA:10,0
DA:11,0
DA:14,0
DA:15,0
DA:24,0
DA:29,0
DA:32,0
DA:33,0
DA:34,0
DA:35,0
DA:36,0
DA:51,0
DA:59,0
DA:64,0
DA:68,0
DA:72,0
DA:76,0
DA:77,0
LF:23
LH:0
BRDA:29,0,0,0
BRDA:29,0,1,0
BRDA:29,1,0,0
BRDA:29,1,1,0
BRDA:32,2,0,0
BRDA:32,2,1,0
BRDA:32,3,0,0
BRDA:32,3,1,0
BRDA:34,4,0,0
BRDA:34,4,1,0
BRDA:52,5,0,0
BRDA:52,5,1,0
BRDA:52,6,0,0
BRDA:52,6,1,0
BRDA:53,7,0,0
BRDA:53,7,1,0
BRDA:54,8,0,0
BRDA:54,8,1,0
BRF:18
BRH:0
end_of_record
TN:
SF:src/video/video.gateway.ts
FN:18,(anonymous_4)
FN:23,(anonymous_5)
FNF:2
FNH:0
FNDA:0,(anonymous_4)
FNDA:0,(anonymous_5)
DA:1,1
DA:7,1
DA:14,1
DA:16,1
DA:19,0
DA:23,1
DA:24,0
LF:7
LH:5
BRF:0
BRH:0
end_of_record
TN:
SF:src/video/video.module.ts
FNF:0
FNH:0
DA:3,0
DA:4,0
DA:5,0
DA:6,0
DA:7,0
DA:15,0
LF:6
LH:0
BRF:0
BRH:0
end_of_record
TN:
SF:src/video/video.service.ts
FN:18,(anonymous_2)
FN:23,(anonymous_3)
FN:25,(anonymous_4)
FN:25,(anonymous_5)
FN:26,(anonymous_6)
FN:29,(anonymous_7)
FN:35,(anonymous_8)
FN:48,(anonymous_9)
FN:49,(anonymous_10)
FN:50,(anonymous_11)
FN:59,(anonymous_12)
FN:78,(anonymous_13)
FN:136,(anonymous_14)
FN:204,(anonymous_15)
FN:208,(anonymous_16)
FN:211,(anonymous_17)
FN:220,(anonymous_18)
FN:226,(anonymous_19)
FN:244,(anonymous_20)
FN:267,(anonymous_21)
FN:272,(anonymous_22)
FN:278,(anonymous_23)
FNF:22
FNH:15
FNDA:4,(anonymous_2)
FNDA:2,(anonymous_3)
FNDA:2,(anonymous_4)
FNDA:2,(anonymous_5)
FNDA:2,(anonymous_6)
FNDA:2,(anonymous_7)
FNDA:4,(anonymous_8)
FNDA:2,(anonymous_9)
FNDA:2,(anonymous_10)
FNDA:2,(anonymous_11)
FNDA:0,(anonymous_12)
FNDA:2,(anonymous_13)
FNDA:2,(anonymous_14)
FNDA:0,(anonymous_15)
FNDA:0,(anonymous_16)
FNDA:0,(anonymous_17)
FNDA:2,(anonymous_18)
FNDA:0,(anonymous_19)
FNDA:0,(anonymous_20)
FNDA:0,(anonymous_21)
FNDA:1,(anonymous_22)
FNDA:1,(anonymous_23)
DA:2,1
DA:3,1
DA:4,1
DA:5,1
DA:6,1
DA:7,1
DA:8,1
DA:9,1
DA:10,1
DA:12,1
DA:15,1
DA:16,4
DA:19,4
DA:20,4
DA:24,2
DA:25,2
DA:26,2
DA:27,2
DA:28,2
DA:29,2
DA:30,2
DA:31,2
DA:32,2
DA:33,2
DA:34,2
DA:35,2
DA:36,4
DA:37,4
DA:38,4
DA:39,4
DA:41,2
DA:42,2
DA:43,2
DA:45,2
DA:49,2
DA:50,2
DA:51,2
DA:52,2
DA:53,2
DA:54,2
DA:66,0
DA:67,0
DA:68,0
DA:69,0
DA:72,0
DA:73,0
DA:74,0
DA:75,0
DA:85,2
DA:86,2
DA:87,2
DA:90,2
DA:91,2
DA:92,2
DA:94,2
DA:95,2
DA:98,2
DA:99,2
DA:100,2
DA:101,2
DA:105,2
DA:106,1
DA:107,1
DA:110,2
DA:111,2
DA:113,2
DA:114,2
DA:116,2
DA:117,2
DA:118,2
DA:119,2
DA:120,2
DA:122,2
DA:124,2
DA:125,2
DA:126,2
DA:127,2
DA:128,2
DA:130,0
DA:131,0
DA:135,2
DA:136,2
DA:137,2
DA:139,2
DA:140,2
DA:142,2
DA:143,2
DA:144,2
DA:145,1
DA:148,2
DA:149,2
DA:150,2
DA:151,2
DA:152,2
DA:158,2
DA:161,2
DA:162,2
DA:164,1
DA:172,1
DA:178,1
DA:181,2
DA:182,2
DA:185,2
DA:193,2
DA:194,2
DA:195,2
DA:197,0
DA:198,0
DA:201,2
DA:205,0
DA:206,0
DA:209,0
DA:212,0
DA:213,0
DA:214,0
DA:215,0
DA:216,0
DA:217,0
DA:221,2
DA:222,2
DA:226,2
DA:227,0
DA:230,2
DA:232,0
DA:233,0
DA:234,0
DA:235,0
DA:236,0
DA:237,0
DA:240,0
DA:248,0
DA:249,0
DA:250,0
DA:251,0
DA:252,0
DA:253,0
DA:254,0
DA:255,0
DA:256,0
DA:257,0
DA:258,0
DA:259,0
DA:261,0
DA:262,0
DA:263,0
DA:268,0
DA:269,0
DA:273,1
DA:274,1
DA:275,0
DA:278,1
DA:279,1
LF:152
LH:105
BRDA:16,0,0,4
BRDA:16,0,1,4
BRDA:24,1,0,2
BRDA:24,1,1,0
BRDA:51,2,0,0
BRDA:51,2,1,2
BRDA:53,3,0,0
BRDA:53,3,1,2
BRDA:64,4,0,0
BRDA:68,5,0,0
BRDA:68,5,1,0
BRDA:69,6,0,0
BRDA:69,6,1,0
BRDA:86,7,0,2
BRDA:86,7,1,0
BRDA:98,8,0,2
BRDA:98,8,1,0
BRDA:105,9,0,1
BRDA:105,9,1,1
BRDA:144,10,0,1
BRDA:144,10,1,1
BRDA:150,11,0,2
BRDA:150,11,1,0
BRDA:162,12,0,1
BRDA:162,12,1,1
BRDA:181,13,0,2
BRDA:181,13,1,0
BRDA:193,14,0,2
BRDA:193,14,1,0
BRDA:215,15,0,0
BRDA:215,15,1,0
BRDA:233,16,0,0
BRDA:233,16,1,0
BRDA:246,17,0,0
BRDA:250,18,0,0
BRDA:250,18,1,0
BRDA:257,19,0,0
BRDA:257,19,1,0
BRDA:261,20,0,0
BRDA:261,20,1,0
BRDA:274,21,0,0
BRDA:274,21,1,1
BRF:42
BRH:17
end_of_record
