TN:
SF:src/app.module.ts
FNF:0
FNH:0
DA:2,0
DA:3,0
DA:4,0
DA:5,0
DA:6,0
DA:7,0
DA:27,0
LF:7
LH:0
BRF:0
BRH:0
end_of_record
TN:
SF:src/main.ts
FN:10,(anonymous_1)
FN:43,bootstrap
FNF:2
FNH:0
FNDA:0,(anonymous_1)
FNDA:0,bootstrap
DA:2,0
DA:3,0
DA:4,0
DA:5,0
DA:6,0
DA:9,0
DA:11,0
DA:12,0
DA:13,0
DA:16,0
DA:20,0
DA:21,0
DA:23,0
DA:26,0
DA:27,0
DA:29,0
DA:32,0
DA:34,0
DA:44,0
DA:47,0
DA:48,0
DA:49,0
DA:52,0
DA:59,0
DA:62,0
DA:67,0
DA:68,0
DA:69,0
DA:72,0
LF:29
LH:0
BRDA:16,0,0,0
BRDA:16,0,1,0
BRDA:20,1,0,0
BRDA:20,1,1,0
BRDA:21,2,0,0
BRDA:21,2,1,0
BRDA:67,3,0,0
BRDA:67,3,1,0
BRF:8
BRH:0
end_of_record
TN:
SF:src/ai/ai.controller.ts
FN:7,(anonymous_4)
FN:10,(anonymous_5)
FN:15,(anonymous_6)
FNF:3
FNH:0
FNDA:0,(anonymous_4)
FNDA:0,(anonymous_5)
FNDA:0,(anonymous_6)
DA:2,0
DA:3,0
DA:6,0
DA:7,0
DA:10,0
DA:11,0
DA:15,0
DA:16,0
LF:8
LH:0
BRF:0
BRH:0
end_of_record
TN:
SF:src/ai/ai.module.ts
FNF:0
FNH:0
DA:2,0
DA:3,0
DA:4,0
DA:10,0
LF:4
LH:0
BRF:0
BRH:0
end_of_record
TN:
SF:src/ai/ai.service.ts
FN:6,(anonymous_1)
FN:12,(anonymous_2)
FN:17,(anonymous_3)
FN:22,(anonymous_4)
FNF:4
FNH:0
FNDA:0,(anonymous_1)
FNDA:0,(anonymous_2)
FNDA:0,(anonymous_3)
FNDA:0,(anonymous_4)
DA:2,1
DA:5,1
DA:9,0
DA:14,0
DA:19,0
DA:24,0
LF:6
LH:2
BRF:0
BRH:0
end_of_record
TN:
SF:src/projects/project.entity.ts
FNF:0
FNH:0
DA:2,2
DA:5,2
DA:7,2
DA:10,2
DA:13,2
DA:16,2
DA:19,2
DA:22,2
DA:25,2
DA:28,2
DA:31,2
DA:34,2
LF:12
LH:12
BRF:0
BRH:0
end_of_record
TN:
SF:src/projects/projects.controller.ts
FN:8,(anonymous_4)
FN:11,(anonymous_5)
FN:16,(anonymous_6)
FN:21,(anonymous_7)
FN:27,(anonymous_8)
FNF:5
FNH:0
FNDA:0,(anonymous_4)
FNDA:0,(anonymous_5)
FNDA:0,(anonymous_6)
FNDA:0,(anonymous_7)
FNDA:0,(anonymous_8)
DA:2,0
DA:3,0
DA:4,0
DA:7,0
DA:8,0
DA:11,0
DA:12,0
DA:16,0
DA:17,0
DA:21,0
DA:22,0
DA:27,0
DA:28,0
LF:13
LH:0
BRF:0
BRH:0
end_of_record
TN:
SF:src/projects/projects.module.ts
FNF:0
FNH:0
DA:2,0
DA:3,0
DA:4,0
DA:5,0
DA:6,0
DA:14,0
LF:6
LH:0
BRF:0
BRH:0
end_of_record
TN:
SF:src/projects/projects.service.ts
FN:10,(anonymous_4)
FN:15,(anonymous_5)
FN:24,(anonymous_6)
FN:32,(anonymous_7)
FN:36,(anonymous_8)
FN:49,(anonymous_9)
FNF:6
FNH:5
FNDA:5,(anonymous_4)
FNDA:1,(anonymous_5)
FNDA:1,(anonymous_6)
FNDA:1,(anonymous_7)
FNDA:0,(anonymous_8)
FNDA:1,(anonymous_9)
DA:2,2
DA:3,2
DA:4,2
DA:5,2
DA:9,2
DA:12,5
DA:16,1
DA:21,1
DA:25,1
DA:26,1
DA:27,0
DA:29,1
DA:33,1
DA:42,0
DA:43,0
DA:44,0
DA:45,0
DA:46,0
DA:50,1
DA:51,1
DA:52,0
LF:21
LH:14
BRDA:26,0,0,0
BRDA:26,0,1,1
BRDA:44,1,0,0
BRDA:44,1,1,0
BRDA:45,2,0,0
BRDA:45,2,1,0
BRDA:51,3,0,0
BRDA:51,3,1,1
BRF:8
BRH:2
end_of_record
TN:
SF:src/projects/dto/create-project.dto.ts
FNF:0
FNH:0
DA:2,0
DA:4,0
DA:8,0
DA:13,0
LF:4
LH:0
BRF:0
BRH:0
end_of_record
TN:
SF:src/video/video.controller.ts
FN:9,(anonymous_4)
FN:17,(anonymous_5)
FN:39,(anonymous_6)
FN:47,(anonymous_7)
FNF:4
FNH:0
FNDA:0,(anonymous_4)
FNDA:0,(anonymous_5)
FNDA:0,(anonymous_6)
FNDA:0,(anonymous_7)
DA:2,0
DA:3,0
DA:4,0
DA:8,0
DA:9,0
DA:17,0
DA:22,0
DA:30,0
DA:35,0
DA:39,0
DA:43,0
DA:47,0
DA:48,0
LF:13
LH:0
BRDA:23,0,0,0
BRDA:23,0,1,0
BRDA:23,1,0,0
BRDA:23,1,1,0
BRDA:24,2,0,0
BRDA:24,2,1,0
BRDA:25,3,0,0
BRDA:25,3,1,0
BRDA:27,4,0,0
BRDA:27,4,1,0
BRDA:27,5,0,0
BRDA:27,5,1,0
BRF:12
BRH:0
end_of_record
TN:
SF:src/video/video.gateway.ts
FN:18,(anonymous_4)
FN:23,(anonymous_5)
FNF:2
FNH:0
FNDA:0,(anonymous_4)
FNDA:0,(anonymous_5)
DA:1,1
DA:7,1
DA:14,1
DA:16,1
DA:19,0
DA:23,1
DA:24,0
LF:7
LH:5
BRF:0
BRH:0
end_of_record
TN:
SF:src/video/video.module.ts
FNF:0
FNH:0
DA:3,0
DA:4,0
DA:5,0
DA:6,0
DA:7,0
DA:15,0
LF:6
LH:0
BRF:0
BRH:0
end_of_record
TN:
SF:src/video/video.service.ts
FN:18,(anonymous_2)
FN:23,(anonymous_3)
FN:27,(anonymous_4)
FN:27,(anonymous_5)
FN:30,(anonymous_6)
FN:35,(anonymous_7)
FN:45,(anonymous_8)
FN:60,(anonymous_9)
FN:61,(anonymous_10)
FN:62,(anonymous_11)
FN:71,(anonymous_12)
FN:118,(anonymous_13)
FN:184,(anonymous_14)
FN:266,(anonymous_15)
FN:270,(anonymous_16)
FN:274,(anonymous_17)
FN:283,(anonymous_18)
FN:290,(anonymous_19)
FN:310,(anonymous_20)
FN:358,(anonymous_21)
FNF:20
FNH:16
FNDA:4,(anonymous_2)
FNDA:1,(anonymous_3)
FNDA:1,(anonymous_4)
FNDA:1,(anonymous_5)
FNDA:1,(anonymous_6)
FNDA:1,(anonymous_7)
FNDA:2,(anonymous_8)
FNDA:1,(anonymous_9)
FNDA:1,(anonymous_10)
FNDA:1,(anonymous_11)
FNDA:2,(anonymous_12)
FNDA:1,(anonymous_13)
FNDA:2,(anonymous_14)
FNDA:0,(anonymous_15)
FNDA:0,(anonymous_16)
FNDA:0,(anonymous_17)
FNDA:1,(anonymous_18)
FNDA:0,(anonymous_19)
FNDA:1,(anonymous_20)
FNDA:1,(anonymous_21)
DA:2,1
DA:3,1
DA:4,1
DA:5,1
DA:6,1
DA:7,1
DA:8,1
DA:9,1
DA:10,1
DA:12,1
DA:15,1
DA:16,4
DA:19,4
DA:20,4
DA:26,1
DA:27,1
DA:30,1
DA:32,1
DA:33,1
DA:35,1
DA:38,1
DA:39,1
DA:41,1
DA:42,1
DA:43,1
DA:45,1
DA:46,2
DA:47,2
DA:48,2
DA:49,2
DA:52,1
DA:53,1
DA:54,1
DA:57,1
DA:61,1
DA:62,1
DA:63,1
DA:64,1
DA:65,1
DA:66,1
DA:78,2
DA:84,2
DA:88,2
DA:91,2
DA:110,2
DA:111,2
DA:113,2
DA:115,2
DA:125,1
DA:126,1
DA:127,0
DA:130,1
DA:131,1
DA:132,1
DA:135,1
DA:136,1
DA:139,1
DA:140,1
DA:142,1
DA:143,1
DA:147,1
DA:148,0
DA:149,0
DA:152,1
DA:153,1
DA:156,1
DA:157,1
DA:159,1
DA:160,2
DA:161,2
DA:162,2
DA:163,2
DA:165,2
DA:167,2
DA:169,2
DA:170,2
DA:172,2
DA:173,2
DA:175,0
DA:178,0
DA:183,1
DA:184,2
DA:185,1
DA:188,1
DA:190,1
DA:193,1
DA:198,1
DA:201,1
DA:202,0
DA:205,1
DA:208,1
DA:209,1
DA:210,1
DA:211,1
DA:220,1
DA:224,1
DA:225,1
DA:226,0
DA:232,0
DA:238,0
DA:242,1
DA:243,1
DA:246,1
DA:254,1
DA:255,1
DA:256,1
DA:259,0
DA:260,0
DA:263,1
DA:267,0
DA:268,0
DA:272,0
DA:275,0
DA:276,0
DA:277,0
DA:278,0
DA:279,0
DA:280,0
DA:284,1
DA:285,1
DA:290,1
DA:291,0
DA:292,0
DA:296,1
DA:298,0
DA:299,0
DA:300,0
DA:301,0
DA:302,0
DA:303,0
DA:306,0
DA:314,1
DA:316,1
DA:318,1
DA:319,0
DA:323,1
DA:326,1
DA:327,1
DA:330,1
DA:331,1
DA:334,1
DA:336,1
DA:337,0
DA:341,1
DA:343,1
DA:348,0
DA:349,0
DA:351,0
DA:359,1
DA:360,1
LF:150
LH:116
BRDA:16,0,0,4
BRDA:16,0,1,4
BRDA:26,1,0,1
BRDA:26,1,1,0
BRDA:63,2,0,0
BRDA:63,2,1,1
BRDA:65,3,0,0
BRDA:65,3,1,1
BRDA:76,4,0,0
BRDA:88,5,0,1
BRDA:88,5,1,1
BRDA:91,6,0,1
BRDA:91,6,1,1
BRDA:126,7,0,0
BRDA:126,7,1,1
BRDA:139,8,0,1
BRDA:139,8,1,0
BRDA:147,9,0,0
BRDA:147,9,1,1
BRDA:201,10,0,0
BRDA:201,10,1,1
BRDA:209,11,0,1
BRDA:209,11,1,0
BRDA:225,12,0,0
BRDA:225,12,1,1
BRDA:242,13,0,1
BRDA:242,13,1,0
BRDA:254,14,0,1
BRDA:254,14,1,0
BRDA:278,15,0,0
BRDA:278,15,1,0
BRDA:299,16,0,0
BRDA:299,16,1,0
BRDA:312,17,0,1
BRDA:318,18,0,0
BRDA:318,18,1,1
BRDA:336,19,0,0
BRDA:336,19,1,1
BRDA:348,20,0,0
BRDA:348,20,1,0
BRF:40
BRH:20
end_of_record
